[0.075s] DEBUG:colcon:Command line arguments: ['/usr/bin/colcon', 'build']
[0.075s] DEBUG:colcon:Parsed command line arguments: Namespace(log_base=None, log_level=None, verb_name='build', build_base='build', install_base='install', merge_install=False, symlink_install=False, test_result_base=None, continue_on_error=False, executor='parallel', parallel_workers=16, event_handlers=None, ignore_user_meta=False, metas=['./colcon.meta'], base_paths=['.'], packages_ignore=None, packages_ignore_regex=None, paths=None, packages_up_to=None, packages_up_to_regex=None, packages_above=None, packages_above_and_dependencies=None, packages_above_depth=None, packages_select_by_dep=None, packages_skip_by_dep=None, packages_skip_up_to=None, packages_select_build_failed=False, packages_skip_build_finished=False, packages_select_test_failures=False, packages_skip_test_passed=False, packages_select=None, packages_skip=None, packages_select_regex=None, packages_skip_regex=None, packages_start=None, packages_end=None, allow_overriding=[], cmake_args=None, cmake_target=None, cmake_target_skip_unavailable=False, cmake_clean_cache=False, cmake_clean_first=False, cmake_force_configure=False, ament_cmake_args=None, catkin_cmake_args=None, catkin_skip_building_tests=False, mixin_files=None, mixin=None, verb_parser=<colcon_mixin.mixin.mixin_argument.MixinArgumentDecorator object at 0x763f32ca44c0>, verb_extension=<colcon_core.verb.build.BuildVerb object at 0x763f32c73eb0>, main=<bound method BuildVerb.main of <colcon_core.verb.build.BuildVerb object at 0x763f32c73eb0>>, mixin_verb=('build',))
[0.216s] Level 1:colcon.colcon_core.package_discovery:discover_packages(colcon_meta) check parameters
[0.216s] Level 1:colcon.colcon_core.package_discovery:discover_packages(recursive) check parameters
[0.217s] Level 1:colcon.colcon_core.package_discovery:discover_packages(ignore) check parameters
[0.217s] Level 1:colcon.colcon_core.package_discovery:discover_packages(path) check parameters
[0.217s] Level 1:colcon.colcon_core.package_discovery:discover_packages(colcon_meta) discover
[0.217s] Level 1:colcon.colcon_core.package_discovery:discover_packages(recursive) discover
[0.217s] INFO:colcon.colcon_core.package_discovery:Crawling recursively for packages in '/home/konu/Documents/so-arm100-ros2'
[0.217s] Level 1:colcon.colcon_core.package_identification:_identify(.) by extensions ['ignore', 'ignore_ament_install']
[0.217s] Level 1:colcon.colcon_core.package_identification:_identify(.) by extension 'ignore'
[0.217s] Level 1:colcon.colcon_core.package_identification:_identify(.) by extension 'ignore_ament_install'
[0.217s] Level 1:colcon.colcon_core.package_identification:_identify(.) by extensions ['colcon_pkg']
[0.217s] Level 1:colcon.colcon_core.package_identification:_identify(.) by extension 'colcon_pkg'
[0.217s] Level 1:colcon.colcon_core.package_identification:_identify(.) by extensions ['colcon_meta']
[0.217s] Level 1:colcon.colcon_core.package_identification:_identify(.) by extension 'colcon_meta'
[0.217s] Level 1:colcon.colcon_core.package_identification:_identify(.) by extensions ['ros']
[0.217s] Level 1:colcon.colcon_core.package_identification:_identify(.) by extension 'ros'
[0.231s] Level 1:colcon.colcon_core.package_identification:_identify(.) by extensions ['cmake', 'python']
[0.231s] Level 1:colcon.colcon_core.package_identification:_identify(.) by extension 'cmake'
[0.231s] Level 1:colcon.colcon_core.package_identification:_identify(.) by extension 'python'
[0.231s] Level 1:colcon.colcon_core.package_identification:_identify(.) by extensions ['python_setup_py']
[0.231s] Level 1:colcon.colcon_core.package_identification:_identify(.) by extension 'python_setup_py'
[0.231s] Level 1:colcon.colcon_core.package_identification:_identify(build) by extensions ['ignore', 'ignore_ament_install']
[0.232s] Level 1:colcon.colcon_core.package_identification:_identify(build) by extension 'ignore'
[0.232s] Level 1:colcon.colcon_core.package_identification:_identify(build) ignored
[0.232s] Level 1:colcon.colcon_core.package_identification:_identify(install) by extensions ['ignore', 'ignore_ament_install']
[0.232s] Level 1:colcon.colcon_core.package_identification:_identify(install) by extension 'ignore'
[0.232s] Level 1:colcon.colcon_core.package_identification:_identify(install) ignored
[0.232s] Level 1:colcon.colcon_core.package_identification:_identify(log) by extensions ['ignore', 'ignore_ament_install']
[0.232s] Level 1:colcon.colcon_core.package_identification:_identify(log) by extension 'ignore'
[0.232s] Level 1:colcon.colcon_core.package_identification:_identify(log) ignored
[0.232s] Level 1:colcon.colcon_core.package_identification:_identify(src) by extensions ['ignore', 'ignore_ament_install']
[0.232s] Level 1:colcon.colcon_core.package_identification:_identify(src) by extension 'ignore'
[0.232s] Level 1:colcon.colcon_core.package_identification:_identify(src) by extension 'ignore_ament_install'
[0.232s] Level 1:colcon.colcon_core.package_identification:_identify(src) by extensions ['colcon_pkg']
[0.232s] Level 1:colcon.colcon_core.package_identification:_identify(src) by extension 'colcon_pkg'
[0.232s] Level 1:colcon.colcon_core.package_identification:_identify(src) by extensions ['colcon_meta']
[0.232s] Level 1:colcon.colcon_core.package_identification:_identify(src) by extension 'colcon_meta'
[0.232s] Level 1:colcon.colcon_core.package_identification:_identify(src) by extensions ['ros']
[0.232s] Level 1:colcon.colcon_core.package_identification:_identify(src) by extension 'ros'
[0.232s] Level 1:colcon.colcon_core.package_identification:_identify(src) by extensions ['cmake', 'python']
[0.232s] Level 1:colcon.colcon_core.package_identification:_identify(src) by extension 'cmake'
[0.232s] Level 1:colcon.colcon_core.package_identification:_identify(src) by extension 'python'
[0.232s] Level 1:colcon.colcon_core.package_identification:_identify(src) by extensions ['python_setup_py']
[0.232s] Level 1:colcon.colcon_core.package_identification:_identify(src) by extension 'python_setup_py'
[0.232s] Level 1:colcon.colcon_core.package_identification:_identify(src/SO-100-arm) by extensions ['ignore', 'ignore_ament_install']
[0.233s] Level 1:colcon.colcon_core.package_identification:_identify(src/SO-100-arm) by extension 'ignore'
[0.233s] Level 1:colcon.colcon_core.package_identification:_identify(src/SO-100-arm) by extension 'ignore_ament_install'
[0.233s] Level 1:colcon.colcon_core.package_identification:_identify(src/SO-100-arm) by extensions ['colcon_pkg']
[0.233s] Level 1:colcon.colcon_core.package_identification:_identify(src/SO-100-arm) by extension 'colcon_pkg'
[0.233s] Level 1:colcon.colcon_core.package_identification:_identify(src/SO-100-arm) by extensions ['colcon_meta']
[0.233s] Level 1:colcon.colcon_core.package_identification:_identify(src/SO-100-arm) by extension 'colcon_meta'
[0.233s] Level 1:colcon.colcon_core.package_identification:_identify(src/SO-100-arm) by extensions ['ros']
[0.233s] Level 1:colcon.colcon_core.package_identification:_identify(src/SO-100-arm) by extension 'ros'
[0.235s] DEBUG:colcon.colcon_core.package_identification:Package 'src/SO-100-arm' with type 'ros.ament_cmake' and name 'so_100_arm'
[0.235s] Level 1:colcon.colcon_core.package_identification:_identify(src/so_arm_100_hardware) by extensions ['ignore', 'ignore_ament_install']
[0.235s] Level 1:colcon.colcon_core.package_identification:_identify(src/so_arm_100_hardware) by extension 'ignore'
[0.235s] Level 1:colcon.colcon_core.package_identification:_identify(src/so_arm_100_hardware) by extension 'ignore_ament_install'
[0.235s] Level 1:colcon.colcon_core.package_identification:_identify(src/so_arm_100_hardware) by extensions ['colcon_pkg']
[0.235s] Level 1:colcon.colcon_core.package_identification:_identify(src/so_arm_100_hardware) by extension 'colcon_pkg'
[0.235s] Level 1:colcon.colcon_core.package_identification:_identify(src/so_arm_100_hardware) by extensions ['colcon_meta']
[0.235s] Level 1:colcon.colcon_core.package_identification:_identify(src/so_arm_100_hardware) by extension 'colcon_meta'
[0.235s] Level 1:colcon.colcon_core.package_identification:_identify(src/so_arm_100_hardware) by extensions ['ros']
[0.235s] Level 1:colcon.colcon_core.package_identification:_identify(src/so_arm_100_hardware) by extension 'ros'
[0.236s] DEBUG:colcon.colcon_core.package_identification:Package 'src/so_arm_100_hardware' with type 'ros.ament_cmake' and name 'so_arm_100_hardware'
[0.236s] Level 1:colcon.colcon_core.package_discovery:discover_packages(recursive) using defaults
[0.236s] Level 1:colcon.colcon_core.package_discovery:discover_packages(ignore) discover
[0.236s] Level 1:colcon.colcon_core.package_discovery:discover_packages(ignore) using defaults
[0.236s] Level 1:colcon.colcon_core.package_discovery:discover_packages(path) discover
[0.236s] Level 1:colcon.colcon_core.package_discovery:discover_packages(path) using defaults
[0.249s] Level 1:colcon.colcon_core.package_discovery:discover_packages(prefix_path) check parameters
[0.249s] Level 1:colcon.colcon_core.package_discovery:discover_packages(prefix_path) discover
[0.250s] DEBUG:colcon.colcon_installed_package_information.package_discovery:Found 2 installed packages in /home/konu/Documents/so-arm100-ros2/install
[0.252s] DEBUG:colcon.colcon_installed_package_information.package_discovery:Found 420 installed packages in /opt/ros/humble
[0.253s] Level 1:colcon.colcon_core.package_discovery:discover_packages(prefix_path) using defaults
[0.287s] Level 5:colcon.colcon_core.verb:set package 'so_100_arm' build argument 'cmake_args' from command line to 'None'
[0.287s] Level 5:colcon.colcon_core.verb:set package 'so_100_arm' build argument 'cmake_target' from command line to 'None'
[0.287s] Level 5:colcon.colcon_core.verb:set package 'so_100_arm' build argument 'cmake_target_skip_unavailable' from command line to 'False'
[0.287s] Level 5:colcon.colcon_core.verb:set package 'so_100_arm' build argument 'cmake_clean_cache' from command line to 'False'
[0.287s] Level 5:colcon.colcon_core.verb:set package 'so_100_arm' build argument 'cmake_clean_first' from command line to 'False'
[0.287s] Level 5:colcon.colcon_core.verb:set package 'so_100_arm' build argument 'cmake_force_configure' from command line to 'False'
[0.287s] Level 5:colcon.colcon_core.verb:set package 'so_100_arm' build argument 'ament_cmake_args' from command line to 'None'
[0.287s] Level 5:colcon.colcon_core.verb:set package 'so_100_arm' build argument 'catkin_cmake_args' from command line to 'None'
[0.287s] Level 5:colcon.colcon_core.verb:set package 'so_100_arm' build argument 'catkin_skip_building_tests' from command line to 'False'
[0.287s] DEBUG:colcon.colcon_core.verb:Building package 'so_100_arm' with the following arguments: {'ament_cmake_args': None, 'build_base': '/home/konu/Documents/so-arm100-ros2/build/so_100_arm', 'catkin_cmake_args': None, 'catkin_skip_building_tests': False, 'cmake_args': None, 'cmake_clean_cache': False, 'cmake_clean_first': False, 'cmake_force_configure': False, 'cmake_target': None, 'cmake_target_skip_unavailable': False, 'install_base': '/home/konu/Documents/so-arm100-ros2/install/so_100_arm', 'merge_install': False, 'path': '/home/konu/Documents/so-arm100-ros2/src/SO-100-arm', 'symlink_install': False, 'test_result_base': None}
[0.287s] Level 5:colcon.colcon_core.verb:set package 'so_arm_100_hardware' build argument 'cmake_args' from command line to 'None'
[0.287s] Level 5:colcon.colcon_core.verb:set package 'so_arm_100_hardware' build argument 'cmake_target' from command line to 'None'
[0.287s] Level 5:colcon.colcon_core.verb:set package 'so_arm_100_hardware' build argument 'cmake_target_skip_unavailable' from command line to 'False'
[0.287s] Level 5:colcon.colcon_core.verb:set package 'so_arm_100_hardware' build argument 'cmake_clean_cache' from command line to 'False'
[0.287s] Level 5:colcon.colcon_core.verb:set package 'so_arm_100_hardware' build argument 'cmake_clean_first' from command line to 'False'
[0.287s] Level 5:colcon.colcon_core.verb:set package 'so_arm_100_hardware' build argument 'cmake_force_configure' from command line to 'False'
[0.287s] Level 5:colcon.colcon_core.verb:set package 'so_arm_100_hardware' build argument 'ament_cmake_args' from command line to 'None'
[0.287s] Level 5:colcon.colcon_core.verb:set package 'so_arm_100_hardware' build argument 'catkin_cmake_args' from command line to 'None'
[0.287s] Level 5:colcon.colcon_core.verb:set package 'so_arm_100_hardware' build argument 'catkin_skip_building_tests' from command line to 'False'
[0.287s] DEBUG:colcon.colcon_core.verb:Building package 'so_arm_100_hardware' with the following arguments: {'ament_cmake_args': None, 'build_base': '/home/konu/Documents/so-arm100-ros2/build/so_arm_100_hardware', 'catkin_cmake_args': None, 'catkin_skip_building_tests': False, 'cmake_args': None, 'cmake_clean_cache': False, 'cmake_clean_first': False, 'cmake_force_configure': False, 'cmake_target': None, 'cmake_target_skip_unavailable': False, 'install_base': '/home/konu/Documents/so-arm100-ros2/install/so_arm_100_hardware', 'merge_install': False, 'path': '/home/konu/Documents/so-arm100-ros2/src/so_arm_100_hardware', 'symlink_install': False, 'test_result_base': None}
[0.288s] INFO:colcon.colcon_core.executor:Executing jobs using 'parallel' executor
[0.288s] DEBUG:colcon.colcon_parallel_executor.executor.parallel:run_until_complete
[0.288s] INFO:colcon.colcon_ros.task.ament_cmake.build:Building ROS package in '/home/konu/Documents/so-arm100-ros2/src/SO-100-arm' with build type 'ament_cmake'
[0.289s] INFO:colcon.colcon_cmake.task.cmake.build:Building CMake package in '/home/konu/Documents/so-arm100-ros2/src/SO-100-arm'
[0.290s] INFO:colcon.colcon_core.plugin_system:Skipping extension 'colcon_core.shell.bat': Not used on non-Windows systems
[0.290s] INFO:colcon.colcon_core.shell:Skip shell extension 'powershell' for command environment: Not usable outside of PowerShell
[0.290s] DEBUG:colcon.colcon_core.shell:Skip shell extension 'dsv' for command environment
[0.293s] INFO:colcon.colcon_ros.task.ament_cmake.build:Building ROS package in '/home/konu/Documents/so-arm100-ros2/src/so_arm_100_hardware' with build type 'ament_cmake'
[0.293s] INFO:colcon.colcon_cmake.task.cmake.build:Building CMake package in '/home/konu/Documents/so-arm100-ros2/src/so_arm_100_hardware'
[0.293s] INFO:colcon.colcon_core.shell:Skip shell extension 'powershell' for command environment: Not usable outside of PowerShell
[0.293s] DEBUG:colcon.colcon_core.shell:Skip shell extension 'dsv' for command environment
[0.299s] DEBUG:colcon.colcon_core.event_handler.log_command:Invoking command in '/home/konu/Documents/so-arm100-ros2/build/so_100_arm': CMAKE_PREFIX_PATH=${CMAKE_PREFIX_PATH}:/opt/ros/humble /usr/bin/cmake --build /home/konu/Documents/so-arm100-ros2/build/so_100_arm -- -j16 -l16
[0.302s] DEBUG:colcon.colcon_core.event_handler.log_command:Invoking command in '/home/konu/Documents/so-arm100-ros2/build/so_arm_100_hardware': CMAKE_PREFIX_PATH=${CMAKE_PREFIX_PATH}:/opt/ros/humble /usr/bin/cmake --build /home/konu/Documents/so-arm100-ros2/build/so_arm_100_hardware -- -j16 -l16
[0.333s] DEBUG:colcon.colcon_core.event_handler.log_command:Invoked command in '/home/konu/Documents/so-arm100-ros2/build/so_100_arm' returned '0': CMAKE_PREFIX_PATH=${CMAKE_PREFIX_PATH}:/opt/ros/humble /usr/bin/cmake --build /home/konu/Documents/so-arm100-ros2/build/so_100_arm -- -j16 -l16
[0.342s] DEBUG:colcon.colcon_core.event_handler.log_command:Invoking command in '/home/konu/Documents/so-arm100-ros2/build/so_100_arm': CMAKE_PREFIX_PATH=${CMAKE_PREFIX_PATH}:/opt/ros/humble /usr/bin/cmake --install /home/konu/Documents/so-arm100-ros2/build/so_100_arm
[0.352s] Level 1:colcon.colcon_core.environment:create_environment_scripts_only(so_100_arm)
[0.356s] DEBUG:colcon.colcon_core.event_handler.log_command:Invoked command in '/home/konu/Documents/so-arm100-ros2/build/so_100_arm' returned '0': CMAKE_PREFIX_PATH=${CMAKE_PREFIX_PATH}:/opt/ros/humble /usr/bin/cmake --install /home/konu/Documents/so-arm100-ros2/build/so_100_arm
[0.357s] Level 1:colcon.colcon_core.environment:checking '/home/konu/Documents/so-arm100-ros2/install/so_100_arm' for CMake module files
[0.357s] Level 1:colcon.colcon_core.environment:checking '/home/konu/Documents/so-arm100-ros2/install/so_100_arm' for CMake config files
[0.357s] Level 1:colcon.colcon_core.shell:create_environment_hook('so_100_arm', 'cmake_prefix_path')
[0.358s] INFO:colcon.colcon_core.shell:Creating environment hook '/home/konu/Documents/so-arm100-ros2/install/so_100_arm/share/so_100_arm/hook/cmake_prefix_path.ps1'
[0.358s] INFO:colcon.colcon_core.shell:Creating environment descriptor '/home/konu/Documents/so-arm100-ros2/install/so_100_arm/share/so_100_arm/hook/cmake_prefix_path.dsv'
[0.358s] INFO:colcon.colcon_core.shell:Creating environment hook '/home/konu/Documents/so-arm100-ros2/install/so_100_arm/share/so_100_arm/hook/cmake_prefix_path.sh'
[0.359s] Level 1:colcon.colcon_core.environment:checking '/home/konu/Documents/so-arm100-ros2/install/so_100_arm/bin'
[0.359s] Level 1:colcon.colcon_core.environment:checking '/home/konu/Documents/so-arm100-ros2/install/so_100_arm/lib/pkgconfig/so_100_arm.pc'
[0.359s] Level 1:colcon.colcon_core.environment:checking '/home/konu/Documents/so-arm100-ros2/install/so_100_arm/lib/python3.10/site-packages'
[0.359s] Level 1:colcon.colcon_core.environment:checking '/home/konu/Documents/so-arm100-ros2/install/so_100_arm/bin'
[0.360s] INFO:colcon.colcon_core.shell:Creating package script '/home/konu/Documents/so-arm100-ros2/install/so_100_arm/share/so_100_arm/package.ps1'
[0.360s] INFO:colcon.colcon_core.shell:Creating package descriptor '/home/konu/Documents/so-arm100-ros2/install/so_100_arm/share/so_100_arm/package.dsv'
[0.360s] INFO:colcon.colcon_core.shell:Creating package script '/home/konu/Documents/so-arm100-ros2/install/so_100_arm/share/so_100_arm/package.sh'
[0.361s] INFO:colcon.colcon_core.shell:Creating package script '/home/konu/Documents/so-arm100-ros2/install/so_100_arm/share/so_100_arm/package.bash'
[0.361s] INFO:colcon.colcon_core.shell:Creating package script '/home/konu/Documents/so-arm100-ros2/install/so_100_arm/share/so_100_arm/package.zsh'
[0.362s] Level 1:colcon.colcon_core.environment:create_file_with_runtime_dependencies(/home/konu/Documents/so-arm100-ros2/install/so_100_arm/share/colcon-core/packages/so_100_arm)
[0.362s] Level 1:colcon.colcon_core.environment:create_environment_scripts_only(so_100_arm)
[0.362s] Level 1:colcon.colcon_core.environment:checking '/home/konu/Documents/so-arm100-ros2/install/so_100_arm' for CMake module files
[0.363s] Level 1:colcon.colcon_core.environment:checking '/home/konu/Documents/so-arm100-ros2/install/so_100_arm' for CMake config files
[0.363s] Level 1:colcon.colcon_core.shell:create_environment_hook('so_100_arm', 'cmake_prefix_path')
[0.363s] INFO:colcon.colcon_core.shell:Creating environment hook '/home/konu/Documents/so-arm100-ros2/install/so_100_arm/share/so_100_arm/hook/cmake_prefix_path.ps1'
[0.363s] INFO:colcon.colcon_core.shell:Creating environment descriptor '/home/konu/Documents/so-arm100-ros2/install/so_100_arm/share/so_100_arm/hook/cmake_prefix_path.dsv'
[0.363s] INFO:colcon.colcon_core.shell:Creating environment hook '/home/konu/Documents/so-arm100-ros2/install/so_100_arm/share/so_100_arm/hook/cmake_prefix_path.sh'
[0.364s] Level 1:colcon.colcon_core.environment:checking '/home/konu/Documents/so-arm100-ros2/install/so_100_arm/bin'
[0.364s] Level 1:colcon.colcon_core.environment:checking '/home/konu/Documents/so-arm100-ros2/install/so_100_arm/lib/pkgconfig/so_100_arm.pc'
[0.364s] Level 1:colcon.colcon_core.environment:checking '/home/konu/Documents/so-arm100-ros2/install/so_100_arm/lib/python3.10/site-packages'
[0.364s] Level 1:colcon.colcon_core.environment:checking '/home/konu/Documents/so-arm100-ros2/install/so_100_arm/bin'
[0.364s] INFO:colcon.colcon_core.shell:Creating package script '/home/konu/Documents/so-arm100-ros2/install/so_100_arm/share/so_100_arm/package.ps1'
[0.365s] INFO:colcon.colcon_core.shell:Creating package descriptor '/home/konu/Documents/so-arm100-ros2/install/so_100_arm/share/so_100_arm/package.dsv'
[0.365s] INFO:colcon.colcon_core.shell:Creating package script '/home/konu/Documents/so-arm100-ros2/install/so_100_arm/share/so_100_arm/package.sh'
[0.365s] INFO:colcon.colcon_core.shell:Creating package script '/home/konu/Documents/so-arm100-ros2/install/so_100_arm/share/so_100_arm/package.bash'
[0.366s] INFO:colcon.colcon_core.shell:Creating package script '/home/konu/Documents/so-arm100-ros2/install/so_100_arm/share/so_100_arm/package.zsh'
[0.366s] Level 1:colcon.colcon_core.environment:create_file_with_runtime_dependencies(/home/konu/Documents/so-arm100-ros2/install/so_100_arm/share/colcon-core/packages/so_100_arm)
[7.323s] DEBUG:colcon.colcon_core.event_handler.log_command:Invoked command in '/home/konu/Documents/so-arm100-ros2/build/so_arm_100_hardware' returned '0': CMAKE_PREFIX_PATH=${CMAKE_PREFIX_PATH}:/opt/ros/humble /usr/bin/cmake --build /home/konu/Documents/so-arm100-ros2/build/so_arm_100_hardware -- -j16 -l16
[7.325s] DEBUG:colcon.colcon_core.event_handler.log_command:Invoking command in '/home/konu/Documents/so-arm100-ros2/build/so_arm_100_hardware': CMAKE_PREFIX_PATH=${CMAKE_PREFIX_PATH}:/opt/ros/humble /usr/bin/cmake --install /home/konu/Documents/so-arm100-ros2/build/so_arm_100_hardware
[7.348s] Level 1:colcon.colcon_core.environment:create_environment_scripts_only(so_arm_100_hardware)
[7.348s] Level 1:colcon.colcon_core.environment:checking '/home/konu/Documents/so-arm100-ros2/install/so_arm_100_hardware' for CMake module files
[7.349s] DEBUG:colcon.colcon_core.event_handler.log_command:Invoked command in '/home/konu/Documents/so-arm100-ros2/build/so_arm_100_hardware' returned '0': CMAKE_PREFIX_PATH=${CMAKE_PREFIX_PATH}:/opt/ros/humble /usr/bin/cmake --install /home/konu/Documents/so-arm100-ros2/build/so_arm_100_hardware
[7.349s] Level 1:colcon.colcon_core.environment:checking '/home/konu/Documents/so-arm100-ros2/install/so_arm_100_hardware' for CMake config files
[7.349s] Level 1:colcon.colcon_core.shell:create_environment_hook('so_arm_100_hardware', 'cmake_prefix_path')
[7.349s] INFO:colcon.colcon_core.shell:Creating environment hook '/home/konu/Documents/so-arm100-ros2/install/so_arm_100_hardware/share/so_arm_100_hardware/hook/cmake_prefix_path.ps1'
[7.350s] INFO:colcon.colcon_core.shell:Creating environment descriptor '/home/konu/Documents/so-arm100-ros2/install/so_arm_100_hardware/share/so_arm_100_hardware/hook/cmake_prefix_path.dsv'
[7.350s] INFO:colcon.colcon_core.shell:Creating environment hook '/home/konu/Documents/so-arm100-ros2/install/so_arm_100_hardware/share/so_arm_100_hardware/hook/cmake_prefix_path.sh'
[7.351s] Level 1:colcon.colcon_core.environment:checking '/home/konu/Documents/so-arm100-ros2/install/so_arm_100_hardware/lib'
[7.351s] Level 1:colcon.colcon_core.environment:checking '/home/konu/Documents/so-arm100-ros2/install/so_arm_100_hardware/bin'
[7.351s] Level 1:colcon.colcon_core.environment:checking '/home/konu/Documents/so-arm100-ros2/install/so_arm_100_hardware/lib/pkgconfig/so_arm_100_hardware.pc'
[7.351s] Level 1:colcon.colcon_core.environment:checking '/home/konu/Documents/so-arm100-ros2/install/so_arm_100_hardware/lib/python3.10/site-packages'
[7.351s] Level 1:colcon.colcon_core.environment:checking '/home/konu/Documents/so-arm100-ros2/install/so_arm_100_hardware/bin'
[7.352s] INFO:colcon.colcon_core.shell:Creating package script '/home/konu/Documents/so-arm100-ros2/install/so_arm_100_hardware/share/so_arm_100_hardware/package.ps1'
[7.352s] INFO:colcon.colcon_core.shell:Creating package descriptor '/home/konu/Documents/so-arm100-ros2/install/so_arm_100_hardware/share/so_arm_100_hardware/package.dsv'
[7.353s] INFO:colcon.colcon_core.shell:Creating package script '/home/konu/Documents/so-arm100-ros2/install/so_arm_100_hardware/share/so_arm_100_hardware/package.sh'
[7.353s] INFO:colcon.colcon_core.shell:Creating package script '/home/konu/Documents/so-arm100-ros2/install/so_arm_100_hardware/share/so_arm_100_hardware/package.bash'
[7.353s] INFO:colcon.colcon_core.shell:Creating package script '/home/konu/Documents/so-arm100-ros2/install/so_arm_100_hardware/share/so_arm_100_hardware/package.zsh'
[7.353s] Level 1:colcon.colcon_core.environment:create_file_with_runtime_dependencies(/home/konu/Documents/so-arm100-ros2/install/so_arm_100_hardware/share/colcon-core/packages/so_arm_100_hardware)
[7.354s] Level 1:colcon.colcon_core.environment:create_environment_scripts_only(so_arm_100_hardware)
[7.354s] Level 1:colcon.colcon_core.environment:checking '/home/konu/Documents/so-arm100-ros2/install/so_arm_100_hardware' for CMake module files
[7.354s] Level 1:colcon.colcon_core.environment:checking '/home/konu/Documents/so-arm100-ros2/install/so_arm_100_hardware' for CMake config files
[7.354s] Level 1:colcon.colcon_core.shell:create_environment_hook('so_arm_100_hardware', 'cmake_prefix_path')
[7.355s] INFO:colcon.colcon_core.shell:Creating environment hook '/home/konu/Documents/so-arm100-ros2/install/so_arm_100_hardware/share/so_arm_100_hardware/hook/cmake_prefix_path.ps1'
[7.355s] INFO:colcon.colcon_core.shell:Creating environment descriptor '/home/konu/Documents/so-arm100-ros2/install/so_arm_100_hardware/share/so_arm_100_hardware/hook/cmake_prefix_path.dsv'
[7.355s] INFO:colcon.colcon_core.shell:Creating environment hook '/home/konu/Documents/so-arm100-ros2/install/so_arm_100_hardware/share/so_arm_100_hardware/hook/cmake_prefix_path.sh'
[7.355s] Level 1:colcon.colcon_core.environment:checking '/home/konu/Documents/so-arm100-ros2/install/so_arm_100_hardware/lib'
[7.355s] Level 1:colcon.colcon_core.environment:checking '/home/konu/Documents/so-arm100-ros2/install/so_arm_100_hardware/bin'
[7.356s] Level 1:colcon.colcon_core.environment:checking '/home/konu/Documents/so-arm100-ros2/install/so_arm_100_hardware/lib/pkgconfig/so_arm_100_hardware.pc'
[7.356s] Level 1:colcon.colcon_core.environment:checking '/home/konu/Documents/so-arm100-ros2/install/so_arm_100_hardware/lib/python3.10/site-packages'
[7.356s] Level 1:colcon.colcon_core.environment:checking '/home/konu/Documents/so-arm100-ros2/install/so_arm_100_hardware/bin'
[7.356s] INFO:colcon.colcon_core.shell:Creating package script '/home/konu/Documents/so-arm100-ros2/install/so_arm_100_hardware/share/so_arm_100_hardware/package.ps1'
[7.356s] INFO:colcon.colcon_core.shell:Creating package descriptor '/home/konu/Documents/so-arm100-ros2/install/so_arm_100_hardware/share/so_arm_100_hardware/package.dsv'
[7.357s] INFO:colcon.colcon_core.shell:Creating package script '/home/konu/Documents/so-arm100-ros2/install/so_arm_100_hardware/share/so_arm_100_hardware/package.sh'
[7.357s] INFO:colcon.colcon_core.shell:Creating package script '/home/konu/Documents/so-arm100-ros2/install/so_arm_100_hardware/share/so_arm_100_hardware/package.bash'
[7.357s] INFO:colcon.colcon_core.shell:Creating package script '/home/konu/Documents/so-arm100-ros2/install/so_arm_100_hardware/share/so_arm_100_hardware/package.zsh'
[7.357s] Level 1:colcon.colcon_core.environment:create_file_with_runtime_dependencies(/home/konu/Documents/so-arm100-ros2/install/so_arm_100_hardware/share/colcon-core/packages/so_arm_100_hardware)
[7.358s] DEBUG:colcon.colcon_parallel_executor.executor.parallel:closing loop
[7.358s] DEBUG:colcon.colcon_parallel_executor.executor.parallel:loop closed
[7.359s] DEBUG:colcon.colcon_parallel_executor.executor.parallel:run_until_complete finished with '0'
[7.359s] DEBUG:colcon.colcon_core.event_reactor:joining thread
[7.366s] INFO:colcon.colcon_core.plugin_system:Skipping extension 'colcon_notification.desktop_notification.terminal_notifier': Not used on non-Darwin systems
[7.366s] INFO:colcon.colcon_core.plugin_system:Skipping extension 'colcon_notification.desktop_notification.win32': Not used on non-Windows systems
[7.366s] INFO:colcon.colcon_notification.desktop_notification:Sending desktop notification using 'notify2'
[7.387s] DEBUG:colcon.colcon_core.event_reactor:joined thread
[7.388s] INFO:colcon.colcon_core.shell:Creating prefix script '/home/konu/Documents/so-arm100-ros2/install/local_setup.ps1'
[7.389s] INFO:colcon.colcon_core.shell:Creating prefix util module '/home/konu/Documents/so-arm100-ros2/install/_local_setup_util_ps1.py'
[7.390s] INFO:colcon.colcon_core.shell:Creating prefix chain script '/home/konu/Documents/so-arm100-ros2/install/setup.ps1'
[7.391s] INFO:colcon.colcon_core.shell:Creating prefix script '/home/konu/Documents/so-arm100-ros2/install/local_setup.sh'
[7.392s] INFO:colcon.colcon_core.shell:Creating prefix util module '/home/konu/Documents/so-arm100-ros2/install/_local_setup_util_sh.py'
[7.392s] INFO:colcon.colcon_core.shell:Creating prefix chain script '/home/konu/Documents/so-arm100-ros2/install/setup.sh'
[7.393s] INFO:colcon.colcon_core.shell:Creating prefix script '/home/konu/Documents/so-arm100-ros2/install/local_setup.bash'
[7.393s] INFO:colcon.colcon_core.shell:Creating prefix chain script '/home/konu/Documents/so-arm100-ros2/install/setup.bash'
[7.394s] INFO:colcon.colcon_core.shell:Creating prefix script '/home/konu/Documents/so-arm100-ros2/install/local_setup.zsh'
[7.394s] INFO:colcon.colcon_core.shell:Creating prefix chain script '/home/konu/Documents/so-arm100-ros2/install/setup.zsh'
