-- Install configuration: ""
-- Up-to-date: /home/konu/Documents/so-arm100-ros2/install/so_100_arm/share/so_100_arm/models
-- Up-to-date: /home/konu/Documents/so-arm100-ros2/install/so_100_arm/share/so_100_arm/models/so_100_arm_5dof
-- Up-to-date: /home/konu/Documents/so-arm100-ros2/install/so_100_arm/share/so_100_arm/models/so_100_arm_5dof/meshes
-- Up-to-date: /home/konu/Documents/so-arm100-ros2/install/so_100_arm/share/so_100_arm/models/so_100_arm_5dof/meshes/Fixed_Gripper.STL
-- Up-to-date: /home/konu/Documents/so-arm100-ros2/install/so_100_arm/share/so_100_arm/models/so_100_arm_5dof/meshes/Lower_Arm.STL
-- Up-to-date: /home/konu/Documents/so-arm100-ros2/install/so_100_arm/share/so_100_arm/models/so_100_arm_5dof/meshes/Moving_Jaw.STL
-- Up-to-date: /home/konu/Documents/so-arm100-ros2/install/so_100_arm/share/so_100_arm/models/so_100_arm_5dof/meshes/Shoulder_Rotation_Pitch.STL
-- Up-to-date: /home/konu/Documents/so-arm100-ros2/install/so_100_arm/share/so_100_arm/models/so_100_arm_5dof/meshes/Wrist_Pitch_Roll.STL
-- Up-to-date: /home/konu/Documents/so-arm100-ros2/install/so_100_arm/share/so_100_arm/models/so_100_arm_5dof/meshes/Base.STL
-- Up-to-date: /home/konu/Documents/so-arm100-ros2/install/so_100_arm/share/so_100_arm/models/so_100_arm_5dof/meshes/Upper_Arm.STL
-- Up-to-date: /home/konu/Documents/so-arm100-ros2/install/so_100_arm/share/so_100_arm/models/so_100_arm_5dof/model.config
-- Up-to-date: /home/konu/Documents/so-arm100-ros2/install/so_100_arm/share/so_100_arm/urdf
-- Up-to-date: /home/konu/Documents/so-arm100-ros2/install/so_100_arm/share/so_100_arm/urdf/so_100_arm.urdf
-- Up-to-date: /home/konu/Documents/so-arm100-ros2/install/so_100_arm/share/so_100_arm/urdf/so_100_arm_5dof.csv
-- Up-to-date: /home/konu/Documents/so-arm100-ros2/install/so_100_arm/share/so_100_arm/urdf/so_100_arm_5dof.urdf
-- Up-to-date: /home/konu/Documents/so-arm100-ros2/install/so_100_arm/share/so_100_arm/urdf/so_100_arm_5dof_hardware.urdf
-- Up-to-date: /home/konu/Documents/so-arm100-ros2/install/so_100_arm/share/so_100_arm/launch
-- Up-to-date: /home/konu/Documents/so-arm100-ros2/install/so_100_arm/share/so_100_arm/launch/spawn_controllers.launch.py
-- Up-to-date: /home/konu/Documents/so-arm100-ros2/install/so_100_arm/share/so_100_arm/launch/joint_state_pub_guilaunch.py
-- Up-to-date: /home/konu/Documents/so-arm100-ros2/install/so_100_arm/share/so_100_arm/launch/move_group.launch.py
-- Up-to-date: /home/konu/Documents/so-arm100-ros2/install/so_100_arm/share/so_100_arm/launch/static_virtual_joint_tfs.launch.py
-- Up-to-date: /home/konu/Documents/so-arm100-ros2/install/so_100_arm/share/so_100_arm/launch/setup_assistant.launch.py
-- Up-to-date: /home/konu/Documents/so-arm100-ros2/install/so_100_arm/share/so_100_arm/launch/moveit.launch.py
-- Up-to-date: /home/konu/Documents/so-arm100-ros2/install/so_100_arm/share/so_100_arm/launch/hardware.launch.py
-- Up-to-date: /home/konu/Documents/so-arm100-ros2/install/so_100_arm/share/so_100_arm/launch/rsp.launch.py
-- Up-to-date: /home/konu/Documents/so-arm100-ros2/install/so_100_arm/share/so_100_arm/launch/gz.launch.py
-- Up-to-date: /home/konu/Documents/so-arm100-ros2/install/so_100_arm/share/so_100_arm/launch/moveit_rviz.launch.py
-- Up-to-date: /home/konu/Documents/so-arm100-ros2/install/so_100_arm/share/so_100_arm/launch/rviz.launch.py
-- Up-to-date: /home/konu/Documents/so-arm100-ros2/install/so_100_arm/share/so_100_arm/config
-- Up-to-date: /home/konu/Documents/so-arm100-ros2/install/so_100_arm/share/so_100_arm/config/controllers_7dof.yaml
-- Up-to-date: /home/konu/Documents/so-arm100-ros2/install/so_100_arm/share/so_100_arm/config/controllers_5dof.yaml
-- Up-to-date: /home/konu/Documents/so-arm100-ros2/install/so_100_arm/share/so_100_arm/config/pilz_cartesian_limits.yaml
-- Up-to-date: /home/konu/Documents/so-arm100-ros2/install/so_100_arm/share/so_100_arm/config/joint_limits.yaml
-- Up-to-date: /home/konu/Documents/so-arm100-ros2/install/so_100_arm/share/so_100_arm/config/moveit.rviz
-- Up-to-date: /home/konu/Documents/so-arm100-ros2/install/so_100_arm/share/so_100_arm/config/moveit_controllers.yaml
-- Up-to-date: /home/konu/Documents/so-arm100-ros2/install/so_100_arm/share/so_100_arm/config/so_100_arm.urdf.xacro
-- Up-to-date: /home/konu/Documents/so-arm100-ros2/install/so_100_arm/share/so_100_arm/config/sensors_3d.yaml
-- Up-to-date: /home/konu/Documents/so-arm100-ros2/install/so_100_arm/share/so_100_arm/config/so_100_arm.srdf
-- Up-to-date: /home/konu/Documents/so-arm100-ros2/install/so_100_arm/share/so_100_arm/config/controllers.yaml
-- Up-to-date: /home/konu/Documents/so-arm100-ros2/install/so_100_arm/share/so_100_arm/config/kinematics.yaml
-- Up-to-date: /home/konu/Documents/so-arm100-ros2/install/so_100_arm/share/so_100_arm/config/ros2_controllers.yaml
-- Up-to-date: /home/konu/Documents/so-arm100-ros2/install/so_100_arm/share/so_100_arm/config/so_100_arm.ros2_control.xacro
-- Up-to-date: /home/konu/Documents/so-arm100-ros2/install/so_100_arm/share/so_100_arm/config/initial_positions.yaml
-- Up-to-date: /home/konu/Documents/so-arm100-ros2/install/so_100_arm/share/so_100_arm/config/urdf.rviz
-- Up-to-date: /home/konu/Documents/so-arm100-ros2/install/so_100_arm/share/so_100_arm/.setup_assistant
-- Up-to-date: /home/konu/Documents/so-arm100-ros2/install/so_100_arm/share/ament_index/resource_index/package_run_dependencies/so_100_arm
-- Up-to-date: /home/konu/Documents/so-arm100-ros2/install/so_100_arm/share/ament_index/resource_index/parent_prefix_path/so_100_arm
-- Up-to-date: /home/konu/Documents/so-arm100-ros2/install/so_100_arm/share/so_100_arm/environment/ament_prefix_path.sh
-- Up-to-date: /home/konu/Documents/so-arm100-ros2/install/so_100_arm/share/so_100_arm/environment/ament_prefix_path.dsv
-- Up-to-date: /home/konu/Documents/so-arm100-ros2/install/so_100_arm/share/so_100_arm/environment/path.sh
-- Up-to-date: /home/konu/Documents/so-arm100-ros2/install/so_100_arm/share/so_100_arm/environment/path.dsv
-- Up-to-date: /home/konu/Documents/so-arm100-ros2/install/so_100_arm/share/so_100_arm/local_setup.bash
-- Up-to-date: /home/konu/Documents/so-arm100-ros2/install/so_100_arm/share/so_100_arm/local_setup.sh
-- Up-to-date: /home/konu/Documents/so-arm100-ros2/install/so_100_arm/share/so_100_arm/local_setup.zsh
-- Up-to-date: /home/konu/Documents/so-arm100-ros2/install/so_100_arm/share/so_100_arm/local_setup.dsv
-- Installing: /home/konu/Documents/so-arm100-ros2/install/so_100_arm/share/so_100_arm/package.dsv
-- Up-to-date: /home/konu/Documents/so-arm100-ros2/install/so_100_arm/share/ament_index/resource_index/packages/so_100_arm
-- Up-to-date: /home/konu/Documents/so-arm100-ros2/install/so_100_arm/share/so_100_arm/cmake/so_100_armConfig.cmake
-- Up-to-date: /home/konu/Documents/so-arm100-ros2/install/so_100_arm/share/so_100_arm/cmake/so_100_armConfig-version.cmake
-- Up-to-date: /home/konu/Documents/so-arm100-ros2/install/so_100_arm/share/so_100_arm/package.xml
