[0.012s] Invoking command in '/home/konu/Documents/so-arm100-ros2/build/so_100_arm': CMAKE_PREFIX_PATH=/opt/ros/humble /usr/bin/cmake --build /home/konu/Documents/so-arm100-ros2/build/so_100_arm -- -j16 -l16
[0.055s] Invoked command in '/home/konu/Documents/so-arm100-ros2/build/so_100_arm' returned '0': CMAKE_PREFIX_PATH=/opt/ros/humble /usr/bin/cmake --build /home/konu/Documents/so-arm100-ros2/build/so_100_arm -- -j16 -l16
[0.064s] Invoking command in '/home/konu/Documents/so-arm100-ros2/build/so_100_arm': CMAKE_PREFIX_PATH=/opt/ros/humble /usr/bin/cmake --install /home/konu/Documents/so-arm100-ros2/build/so_100_arm
[0.070s] -- Install configuration: ""
[0.070s] -- Up-to-date: /home/konu/Documents/so-arm100-ros2/install/so_100_arm/share/so_100_arm/models
[0.070s] -- Up-to-date: /home/konu/Documents/so-arm100-ros2/install/so_100_arm/share/so_100_arm/models/so_100_arm_5dof
[0.070s] -- Up-to-date: /home/konu/Documents/so-arm100-ros2/install/so_100_arm/share/so_100_arm/models/so_100_arm_5dof/meshes
[0.070s] -- Up-to-date: /home/konu/Documents/so-arm100-ros2/install/so_100_arm/share/so_100_arm/models/so_100_arm_5dof/meshes/Fixed_Gripper.STL
[0.070s] -- Up-to-date: /home/konu/Documents/so-arm100-ros2/install/so_100_arm/share/so_100_arm/models/so_100_arm_5dof/meshes/Lower_Arm.STL
[0.070s] -- Up-to-date: /home/konu/Documents/so-arm100-ros2/install/so_100_arm/share/so_100_arm/models/so_100_arm_5dof/meshes/Moving_Jaw.STL
[0.070s] -- Up-to-date: /home/konu/Documents/so-arm100-ros2/install/so_100_arm/share/so_100_arm/models/so_100_arm_5dof/meshes/Shoulder_Rotation_Pitch.STL
[0.070s] -- Up-to-date: /home/konu/Documents/so-arm100-ros2/install/so_100_arm/share/so_100_arm/models/so_100_arm_5dof/meshes/Wrist_Pitch_Roll.STL
[0.070s] -- Up-to-date: /home/konu/Documents/so-arm100-ros2/install/so_100_arm/share/so_100_arm/models/so_100_arm_5dof/meshes/Base.STL
[0.071s] -- Up-to-date: /home/konu/Documents/so-arm100-ros2/install/so_100_arm/share/so_100_arm/models/so_100_arm_5dof/meshes/Upper_Arm.STL
[0.071s] -- Up-to-date: /home/konu/Documents/so-arm100-ros2/install/so_100_arm/share/so_100_arm/models/so_100_arm_5dof/model.config
[0.071s] -- Up-to-date: /home/konu/Documents/so-arm100-ros2/install/so_100_arm/share/so_100_arm/urdf
[0.071s] -- Up-to-date: /home/konu/Documents/so-arm100-ros2/install/so_100_arm/share/so_100_arm/urdf/so_100_arm.urdf
[0.071s] -- Up-to-date: /home/konu/Documents/so-arm100-ros2/install/so_100_arm/share/so_100_arm/urdf/so_100_arm_5dof.csv
[0.071s] -- Up-to-date: /home/konu/Documents/so-arm100-ros2/install/so_100_arm/share/so_100_arm/urdf/so_100_arm_5dof.urdf
[0.071s] -- Up-to-date: /home/konu/Documents/so-arm100-ros2/install/so_100_arm/share/so_100_arm/urdf/so_100_arm_5dof_hardware.urdf
[0.071s] -- Up-to-date: /home/konu/Documents/so-arm100-ros2/install/so_100_arm/share/so_100_arm/launch
[0.071s] -- Up-to-date: /home/konu/Documents/so-arm100-ros2/install/so_100_arm/share/so_100_arm/launch/spawn_controllers.launch.py
[0.071s] -- Up-to-date: /home/konu/Documents/so-arm100-ros2/install/so_100_arm/share/so_100_arm/launch/joint_state_pub_guilaunch.py
[0.071s] -- Up-to-date: /home/konu/Documents/so-arm100-ros2/install/so_100_arm/share/so_100_arm/launch/move_group.launch.py
[0.071s] -- Up-to-date: /home/konu/Documents/so-arm100-ros2/install/so_100_arm/share/so_100_arm/launch/static_virtual_joint_tfs.launch.py
[0.071s] -- Up-to-date: /home/konu/Documents/so-arm100-ros2/install/so_100_arm/share/so_100_arm/launch/setup_assistant.launch.py
[0.072s] -- Up-to-date: /home/konu/Documents/so-arm100-ros2/install/so_100_arm/share/so_100_arm/launch/moveit.launch.py
[0.072s] -- Up-to-date: /home/konu/Documents/so-arm100-ros2/install/so_100_arm/share/so_100_arm/launch/hardware.launch.py
[0.072s] -- Up-to-date: /home/konu/Documents/so-arm100-ros2/install/so_100_arm/share/so_100_arm/launch/rsp.launch.py
[0.072s] -- Up-to-date: /home/konu/Documents/so-arm100-ros2/install/so_100_arm/share/so_100_arm/launch/gz.launch.py
[0.072s] -- Up-to-date: /home/konu/Documents/so-arm100-ros2/install/so_100_arm/share/so_100_arm/launch/moveit_rviz.launch.py
[0.072s] -- Up-to-date: /home/konu/Documents/so-arm100-ros2/install/so_100_arm/share/so_100_arm/launch/rviz.launch.py
[0.072s] -- Up-to-date: /home/konu/Documents/so-arm100-ros2/install/so_100_arm/share/so_100_arm/config
[0.072s] -- Up-to-date: /home/konu/Documents/so-arm100-ros2/install/so_100_arm/share/so_100_arm/config/controllers_7dof.yaml
[0.072s] -- Up-to-date: /home/konu/Documents/so-arm100-ros2/install/so_100_arm/share/so_100_arm/config/controllers_5dof.yaml
[0.072s] -- Up-to-date: /home/konu/Documents/so-arm100-ros2/install/so_100_arm/share/so_100_arm/config/pilz_cartesian_limits.yaml
[0.072s] -- Up-to-date: /home/konu/Documents/so-arm100-ros2/install/so_100_arm/share/so_100_arm/config/joint_limits.yaml
[0.072s] -- Up-to-date: /home/konu/Documents/so-arm100-ros2/install/so_100_arm/share/so_100_arm/config/moveit.rviz
[0.073s] -- Up-to-date: /home/konu/Documents/so-arm100-ros2/install/so_100_arm/share/so_100_arm/config/moveit_controllers.yaml
[0.074s] -- Up-to-date: /home/konu/Documents/so-arm100-ros2/install/so_100_arm/share/so_100_arm/config/so_100_arm.urdf.xacro
[0.074s] -- Up-to-date: /home/konu/Documents/so-arm100-ros2/install/so_100_arm/share/so_100_arm/config/sensors_3d.yaml
[0.074s] -- Up-to-date: /home/konu/Documents/so-arm100-ros2/install/so_100_arm/share/so_100_arm/config/so_100_arm.srdf
[0.074s] -- Up-to-date: /home/konu/Documents/so-arm100-ros2/install/so_100_arm/share/so_100_arm/config/controllers.yaml
[0.074s] -- Up-to-date: /home/konu/Documents/so-arm100-ros2/install/so_100_arm/share/so_100_arm/config/kinematics.yaml
[0.074s] -- Up-to-date: /home/konu/Documents/so-arm100-ros2/install/so_100_arm/share/so_100_arm/config/ros2_controllers.yaml
[0.074s] -- Up-to-date: /home/konu/Documents/so-arm100-ros2/install/so_100_arm/share/so_100_arm/config/so_100_arm.ros2_control.xacro
[0.075s] -- Up-to-date: /home/konu/Documents/so-arm100-ros2/install/so_100_arm/share/so_100_arm/config/initial_positions.yaml
[0.075s] -- Up-to-date: /home/konu/Documents/so-arm100-ros2/install/so_100_arm/share/so_100_arm/config/urdf.rviz
[0.075s] -- Up-to-date: /home/konu/Documents/so-arm100-ros2/install/so_100_arm/share/so_100_arm/.setup_assistant
[0.075s] -- Up-to-date: /home/konu/Documents/so-arm100-ros2/install/so_100_arm/share/ament_index/resource_index/package_run_dependencies/so_100_arm
[0.076s] -- Up-to-date: /home/konu/Documents/so-arm100-ros2/install/so_100_arm/share/ament_index/resource_index/parent_prefix_path/so_100_arm
[0.076s] -- Up-to-date: /home/konu/Documents/so-arm100-ros2/install/so_100_arm/share/so_100_arm/environment/ament_prefix_path.sh
[0.076s] -- Up-to-date: /home/konu/Documents/so-arm100-ros2/install/so_100_arm/share/so_100_arm/environment/ament_prefix_path.dsv
[0.076s] -- Up-to-date: /home/konu/Documents/so-arm100-ros2/install/so_100_arm/share/so_100_arm/environment/path.sh
[0.076s] -- Up-to-date: /home/konu/Documents/so-arm100-ros2/install/so_100_arm/share/so_100_arm/environment/path.dsv
[0.076s] -- Up-to-date: /home/konu/Documents/so-arm100-ros2/install/so_100_arm/share/so_100_arm/local_setup.bash
[0.076s] -- Up-to-date: /home/konu/Documents/so-arm100-ros2/install/so_100_arm/share/so_100_arm/local_setup.sh
[0.076s] -- Up-to-date: /home/konu/Documents/so-arm100-ros2/install/so_100_arm/share/so_100_arm/local_setup.zsh
[0.076s] -- Up-to-date: /home/konu/Documents/so-arm100-ros2/install/so_100_arm/share/so_100_arm/local_setup.dsv
[0.076s] -- Installing: /home/konu/Documents/so-arm100-ros2/install/so_100_arm/share/so_100_arm/package.dsv
[0.076s] -- Up-to-date: /home/konu/Documents/so-arm100-ros2/install/so_100_arm/share/ament_index/resource_index/packages/so_100_arm
[0.076s] -- Up-to-date: /home/konu/Documents/so-arm100-ros2/install/so_100_arm/share/so_100_arm/cmake/so_100_armConfig.cmake
[0.076s] -- Up-to-date: /home/konu/Documents/so-arm100-ros2/install/so_100_arm/share/so_100_arm/cmake/so_100_armConfig-version.cmake
[0.076s] -- Up-to-date: /home/konu/Documents/so-arm100-ros2/install/so_100_arm/share/so_100_arm/package.xml
[0.076s] Invoked command in '/home/konu/Documents/so-arm100-ros2/build/so_100_arm' returned '0': CMAKE_PREFIX_PATH=/opt/ros/humble /usr/bin/cmake --install /home/konu/Documents/so-arm100-ros2/build/so_100_arm
