[0.085s] DEBUG:colcon:Command line arguments: ['/usr/bin/colcon', 'build']
[0.085s] DEBUG:colcon:Parsed command line arguments: Namespace(log_base=None, log_level=None, verb_name='build', build_base='build', install_base='install', merge_install=False, symlink_install=False, test_result_base=None, continue_on_error=False, executor='parallel', parallel_workers=16, event_handlers=None, ignore_user_meta=False, metas=['./colcon.meta'], base_paths=['.'], packages_ignore=None, packages_ignore_regex=None, paths=None, packages_up_to=None, packages_up_to_regex=None, packages_above=None, packages_above_and_dependencies=None, packages_above_depth=None, packages_select_by_dep=None, packages_skip_by_dep=None, packages_skip_up_to=None, packages_select_build_failed=False, packages_skip_build_finished=False, packages_select_test_failures=False, packages_skip_test_passed=False, packages_select=None, packages_skip=None, packages_select_regex=None, packages_skip_regex=None, packages_start=None, packages_end=None, allow_overriding=[], cmake_args=None, cmake_target=None, cmake_target_skip_unavailable=False, cmake_clean_cache=False, cmake_clean_first=False, cmake_force_configure=False, ament_cmake_args=None, catkin_cmake_args=None, catkin_skip_building_tests=False, mixin_files=None, mixin=None, verb_parser=<colcon_mixin.mixin.mixin_argument.MixinArgumentDecorator object at 0x7fbe479b44c0>, verb_extension=<colcon_core.verb.build.BuildVerb object at 0x7fbe47983eb0>, main=<bound method BuildVerb.main of <colcon_core.verb.build.BuildVerb object at 0x7fbe47983eb0>>, mixin_verb=('build',))
[0.225s] Level 1:colcon.colcon_core.package_discovery:discover_packages(colcon_meta) check parameters
[0.226s] Level 1:colcon.colcon_core.package_discovery:discover_packages(recursive) check parameters
[0.226s] Level 1:colcon.colcon_core.package_discovery:discover_packages(ignore) check parameters
[0.226s] Level 1:colcon.colcon_core.package_discovery:discover_packages(path) check parameters
[0.226s] Level 1:colcon.colcon_core.package_discovery:discover_packages(colcon_meta) discover
[0.226s] Level 1:colcon.colcon_core.package_discovery:discover_packages(recursive) discover
[0.226s] INFO:colcon.colcon_core.package_discovery:Crawling recursively for packages in '/home/konu/Documents/so-arm100-ros2'
[0.226s] Level 1:colcon.colcon_core.package_identification:_identify(.) by extensions ['ignore', 'ignore_ament_install']
[0.226s] Level 1:colcon.colcon_core.package_identification:_identify(.) by extension 'ignore'
[0.226s] Level 1:colcon.colcon_core.package_identification:_identify(.) by extension 'ignore_ament_install'
[0.226s] Level 1:colcon.colcon_core.package_identification:_identify(.) by extensions ['colcon_pkg']
[0.226s] Level 1:colcon.colcon_core.package_identification:_identify(.) by extension 'colcon_pkg'
[0.226s] Level 1:colcon.colcon_core.package_identification:_identify(.) by extensions ['colcon_meta']
[0.226s] Level 1:colcon.colcon_core.package_identification:_identify(.) by extension 'colcon_meta'
[0.226s] Level 1:colcon.colcon_core.package_identification:_identify(.) by extensions ['ros']
[0.226s] Level 1:colcon.colcon_core.package_identification:_identify(.) by extension 'ros'
[0.240s] Level 1:colcon.colcon_core.package_identification:_identify(.) by extensions ['cmake', 'python']
[0.240s] Level 1:colcon.colcon_core.package_identification:_identify(.) by extension 'cmake'
[0.240s] Level 1:colcon.colcon_core.package_identification:_identify(.) by extension 'python'
[0.240s] Level 1:colcon.colcon_core.package_identification:_identify(.) by extensions ['python_setup_py']
[0.240s] Level 1:colcon.colcon_core.package_identification:_identify(.) by extension 'python_setup_py'
[0.240s] Level 1:colcon.colcon_core.package_identification:_identify(build) by extensions ['ignore', 'ignore_ament_install']
[0.240s] Level 1:colcon.colcon_core.package_identification:_identify(build) by extension 'ignore'
[0.240s] Level 1:colcon.colcon_core.package_identification:_identify(build) ignored
[0.240s] Level 1:colcon.colcon_core.package_identification:_identify(install) by extensions ['ignore', 'ignore_ament_install']
[0.240s] Level 1:colcon.colcon_core.package_identification:_identify(install) by extension 'ignore'
[0.240s] Level 1:colcon.colcon_core.package_identification:_identify(install) ignored
[0.240s] Level 1:colcon.colcon_core.package_identification:_identify(log) by extensions ['ignore', 'ignore_ament_install']
[0.240s] Level 1:colcon.colcon_core.package_identification:_identify(log) by extension 'ignore'
[0.240s] Level 1:colcon.colcon_core.package_identification:_identify(log) ignored
[0.240s] Level 1:colcon.colcon_core.package_identification:_identify(src) by extensions ['ignore', 'ignore_ament_install']
[0.240s] Level 1:colcon.colcon_core.package_identification:_identify(src) by extension 'ignore'
[0.240s] Level 1:colcon.colcon_core.package_identification:_identify(src) by extension 'ignore_ament_install'
[0.240s] Level 1:colcon.colcon_core.package_identification:_identify(src) by extensions ['colcon_pkg']
[0.240s] Level 1:colcon.colcon_core.package_identification:_identify(src) by extension 'colcon_pkg'
[0.240s] Level 1:colcon.colcon_core.package_identification:_identify(src) by extensions ['colcon_meta']
[0.240s] Level 1:colcon.colcon_core.package_identification:_identify(src) by extension 'colcon_meta'
[0.240s] Level 1:colcon.colcon_core.package_identification:_identify(src) by extensions ['ros']
[0.240s] Level 1:colcon.colcon_core.package_identification:_identify(src) by extension 'ros'
[0.241s] Level 1:colcon.colcon_core.package_identification:_identify(src) by extensions ['cmake', 'python']
[0.241s] Level 1:colcon.colcon_core.package_identification:_identify(src) by extension 'cmake'
[0.241s] Level 1:colcon.colcon_core.package_identification:_identify(src) by extension 'python'
[0.241s] Level 1:colcon.colcon_core.package_identification:_identify(src) by extensions ['python_setup_py']
[0.241s] Level 1:colcon.colcon_core.package_identification:_identify(src) by extension 'python_setup_py'
[0.241s] Level 1:colcon.colcon_core.package_identification:_identify(src/SO-100-arm) by extensions ['ignore', 'ignore_ament_install']
[0.241s] Level 1:colcon.colcon_core.package_identification:_identify(src/SO-100-arm) by extension 'ignore'
[0.241s] Level 1:colcon.colcon_core.package_identification:_identify(src/SO-100-arm) by extension 'ignore_ament_install'
[0.241s] Level 1:colcon.colcon_core.package_identification:_identify(src/SO-100-arm) by extensions ['colcon_pkg']
[0.241s] Level 1:colcon.colcon_core.package_identification:_identify(src/SO-100-arm) by extension 'colcon_pkg'
[0.241s] Level 1:colcon.colcon_core.package_identification:_identify(src/SO-100-arm) by extensions ['colcon_meta']
[0.241s] Level 1:colcon.colcon_core.package_identification:_identify(src/SO-100-arm) by extension 'colcon_meta'
[0.241s] Level 1:colcon.colcon_core.package_identification:_identify(src/SO-100-arm) by extensions ['ros']
[0.241s] Level 1:colcon.colcon_core.package_identification:_identify(src/SO-100-arm) by extension 'ros'
[0.243s] DEBUG:colcon.colcon_core.package_identification:Package 'src/SO-100-arm' with type 'ros.ament_cmake' and name 'so_100_arm'
[0.243s] Level 1:colcon.colcon_core.package_identification:_identify(src/so_arm_100_hardware) by extensions ['ignore', 'ignore_ament_install']
[0.243s] Level 1:colcon.colcon_core.package_identification:_identify(src/so_arm_100_hardware) by extension 'ignore'
[0.243s] Level 1:colcon.colcon_core.package_identification:_identify(src/so_arm_100_hardware) by extension 'ignore_ament_install'
[0.243s] Level 1:colcon.colcon_core.package_identification:_identify(src/so_arm_100_hardware) by extensions ['colcon_pkg']
[0.243s] Level 1:colcon.colcon_core.package_identification:_identify(src/so_arm_100_hardware) by extension 'colcon_pkg'
[0.243s] Level 1:colcon.colcon_core.package_identification:_identify(src/so_arm_100_hardware) by extensions ['colcon_meta']
[0.243s] Level 1:colcon.colcon_core.package_identification:_identify(src/so_arm_100_hardware) by extension 'colcon_meta'
[0.243s] Level 1:colcon.colcon_core.package_identification:_identify(src/so_arm_100_hardware) by extensions ['ros']
[0.243s] Level 1:colcon.colcon_core.package_identification:_identify(src/so_arm_100_hardware) by extension 'ros'
[0.244s] DEBUG:colcon.colcon_core.package_identification:Package 'src/so_arm_100_hardware' with type 'ros.ament_cmake' and name 'so_arm_100_hardware'
[0.244s] Level 1:colcon.colcon_core.package_discovery:discover_packages(recursive) using defaults
[0.244s] Level 1:colcon.colcon_core.package_discovery:discover_packages(ignore) discover
[0.244s] Level 1:colcon.colcon_core.package_discovery:discover_packages(ignore) using defaults
[0.244s] Level 1:colcon.colcon_core.package_discovery:discover_packages(path) discover
[0.244s] Level 1:colcon.colcon_core.package_discovery:discover_packages(path) using defaults
[0.257s] Level 1:colcon.colcon_core.package_discovery:discover_packages(prefix_path) check parameters
[0.257s] Level 1:colcon.colcon_core.package_discovery:discover_packages(prefix_path) discover
[0.258s] DEBUG:colcon.colcon_installed_package_information.package_discovery:Found 1 installed packages in /home/konu/Documents/so-arm100-ros2/install
[0.260s] DEBUG:colcon.colcon_installed_package_information.package_discovery:Found 420 installed packages in /opt/ros/humble
[0.261s] Level 1:colcon.colcon_core.package_discovery:discover_packages(prefix_path) using defaults
[0.302s] Level 5:colcon.colcon_core.verb:set package 'so_100_arm' build argument 'cmake_args' from command line to 'None'
[0.302s] Level 5:colcon.colcon_core.verb:set package 'so_100_arm' build argument 'cmake_target' from command line to 'None'
[0.303s] Level 5:colcon.colcon_core.verb:set package 'so_100_arm' build argument 'cmake_target_skip_unavailable' from command line to 'False'
[0.303s] Level 5:colcon.colcon_core.verb:set package 'so_100_arm' build argument 'cmake_clean_cache' from command line to 'False'
[0.303s] Level 5:colcon.colcon_core.verb:set package 'so_100_arm' build argument 'cmake_clean_first' from command line to 'False'
[0.303s] Level 5:colcon.colcon_core.verb:set package 'so_100_arm' build argument 'cmake_force_configure' from command line to 'False'
[0.303s] Level 5:colcon.colcon_core.verb:set package 'so_100_arm' build argument 'ament_cmake_args' from command line to 'None'
[0.303s] Level 5:colcon.colcon_core.verb:set package 'so_100_arm' build argument 'catkin_cmake_args' from command line to 'None'
[0.303s] Level 5:colcon.colcon_core.verb:set package 'so_100_arm' build argument 'catkin_skip_building_tests' from command line to 'False'
[0.303s] DEBUG:colcon.colcon_core.verb:Building package 'so_100_arm' with the following arguments: {'ament_cmake_args': None, 'build_base': '/home/konu/Documents/so-arm100-ros2/build/so_100_arm', 'catkin_cmake_args': None, 'catkin_skip_building_tests': False, 'cmake_args': None, 'cmake_clean_cache': False, 'cmake_clean_first': False, 'cmake_force_configure': False, 'cmake_target': None, 'cmake_target_skip_unavailable': False, 'install_base': '/home/konu/Documents/so-arm100-ros2/install/so_100_arm', 'merge_install': False, 'path': '/home/konu/Documents/so-arm100-ros2/src/SO-100-arm', 'symlink_install': False, 'test_result_base': None}
[0.303s] Level 5:colcon.colcon_core.verb:set package 'so_arm_100_hardware' build argument 'cmake_args' from command line to 'None'
[0.303s] Level 5:colcon.colcon_core.verb:set package 'so_arm_100_hardware' build argument 'cmake_target' from command line to 'None'
[0.303s] Level 5:colcon.colcon_core.verb:set package 'so_arm_100_hardware' build argument 'cmake_target_skip_unavailable' from command line to 'False'
[0.303s] Level 5:colcon.colcon_core.verb:set package 'so_arm_100_hardware' build argument 'cmake_clean_cache' from command line to 'False'
[0.303s] Level 5:colcon.colcon_core.verb:set package 'so_arm_100_hardware' build argument 'cmake_clean_first' from command line to 'False'
[0.303s] Level 5:colcon.colcon_core.verb:set package 'so_arm_100_hardware' build argument 'cmake_force_configure' from command line to 'False'
[0.303s] Level 5:colcon.colcon_core.verb:set package 'so_arm_100_hardware' build argument 'ament_cmake_args' from command line to 'None'
[0.303s] Level 5:colcon.colcon_core.verb:set package 'so_arm_100_hardware' build argument 'catkin_cmake_args' from command line to 'None'
[0.303s] Level 5:colcon.colcon_core.verb:set package 'so_arm_100_hardware' build argument 'catkin_skip_building_tests' from command line to 'False'
[0.303s] DEBUG:colcon.colcon_core.verb:Building package 'so_arm_100_hardware' with the following arguments: {'ament_cmake_args': None, 'build_base': '/home/konu/Documents/so-arm100-ros2/build/so_arm_100_hardware', 'catkin_cmake_args': None, 'catkin_skip_building_tests': False, 'cmake_args': None, 'cmake_clean_cache': False, 'cmake_clean_first': False, 'cmake_force_configure': False, 'cmake_target': None, 'cmake_target_skip_unavailable': False, 'install_base': '/home/konu/Documents/so-arm100-ros2/install/so_arm_100_hardware', 'merge_install': False, 'path': '/home/konu/Documents/so-arm100-ros2/src/so_arm_100_hardware', 'symlink_install': False, 'test_result_base': None}
[0.303s] INFO:colcon.colcon_core.executor:Executing jobs using 'parallel' executor
[0.304s] DEBUG:colcon.colcon_parallel_executor.executor.parallel:run_until_complete
[0.304s] INFO:colcon.colcon_ros.task.ament_cmake.build:Building ROS package in '/home/konu/Documents/so-arm100-ros2/src/SO-100-arm' with build type 'ament_cmake'
[0.304s] INFO:colcon.colcon_cmake.task.cmake.build:Building CMake package in '/home/konu/Documents/so-arm100-ros2/src/SO-100-arm'
[0.305s] INFO:colcon.colcon_core.plugin_system:Skipping extension 'colcon_core.shell.bat': Not used on non-Windows systems
[0.305s] INFO:colcon.colcon_core.shell:Skip shell extension 'powershell' for command environment: Not usable outside of PowerShell
[0.305s] DEBUG:colcon.colcon_core.shell:Skip shell extension 'dsv' for command environment
[0.308s] INFO:colcon.colcon_ros.task.ament_cmake.build:Building ROS package in '/home/konu/Documents/so-arm100-ros2/src/so_arm_100_hardware' with build type 'ament_cmake'
[0.308s] INFO:colcon.colcon_cmake.task.cmake.build:Building CMake package in '/home/konu/Documents/so-arm100-ros2/src/so_arm_100_hardware'
[0.308s] INFO:colcon.colcon_core.shell:Skip shell extension 'powershell' for command environment: Not usable outside of PowerShell
[0.308s] DEBUG:colcon.colcon_core.shell:Skip shell extension 'dsv' for command environment
[0.315s] DEBUG:colcon.colcon_core.event_handler.log_command:Invoking command in '/home/konu/Documents/so-arm100-ros2/build/so_100_arm': CMAKE_PREFIX_PATH=${CMAKE_PREFIX_PATH}:/opt/ros/humble /usr/bin/cmake --build /home/konu/Documents/so-arm100-ros2/build/so_100_arm -- -j16 -l16
[0.317s] DEBUG:colcon.colcon_core.event_handler.log_command:Invoking command in '/home/konu/Documents/so-arm100-ros2/build/so_arm_100_hardware': CMAKE_PREFIX_PATH=${CMAKE_PREFIX_PATH}:/opt/ros/humble /usr/bin/cmake /home/konu/Documents/so-arm100-ros2/src/so_arm_100_hardware -DCMAKE_INSTALL_PREFIX=/home/konu/Documents/so-arm100-ros2/install/so_arm_100_hardware
[0.348s] DEBUG:colcon.colcon_core.event_handler.log_command:Invoked command in '/home/konu/Documents/so-arm100-ros2/build/so_100_arm' returned '0': CMAKE_PREFIX_PATH=${CMAKE_PREFIX_PATH}:/opt/ros/humble /usr/bin/cmake --build /home/konu/Documents/so-arm100-ros2/build/so_100_arm -- -j16 -l16
[0.357s] DEBUG:colcon.colcon_core.event_handler.log_command:Invoking command in '/home/konu/Documents/so-arm100-ros2/build/so_100_arm': CMAKE_PREFIX_PATH=${CMAKE_PREFIX_PATH}:/opt/ros/humble /usr/bin/cmake --install /home/konu/Documents/so-arm100-ros2/build/so_100_arm
[0.367s] Level 1:colcon.colcon_core.environment:create_environment_scripts_only(so_100_arm)
[0.368s] DEBUG:colcon.colcon_core.event_handler.log_command:Invoked command in '/home/konu/Documents/so-arm100-ros2/build/so_100_arm' returned '0': CMAKE_PREFIX_PATH=${CMAKE_PREFIX_PATH}:/opt/ros/humble /usr/bin/cmake --install /home/konu/Documents/so-arm100-ros2/build/so_100_arm
[0.369s] Level 1:colcon.colcon_core.environment:checking '/home/konu/Documents/so-arm100-ros2/install/so_100_arm' for CMake module files
[0.370s] Level 1:colcon.colcon_core.environment:checking '/home/konu/Documents/so-arm100-ros2/install/so_100_arm' for CMake config files
[0.370s] Level 1:colcon.colcon_core.shell:create_environment_hook('so_100_arm', 'cmake_prefix_path')
[0.370s] INFO:colcon.colcon_core.shell:Creating environment hook '/home/konu/Documents/so-arm100-ros2/install/so_100_arm/share/so_100_arm/hook/cmake_prefix_path.ps1'
[0.371s] INFO:colcon.colcon_core.shell:Creating environment descriptor '/home/konu/Documents/so-arm100-ros2/install/so_100_arm/share/so_100_arm/hook/cmake_prefix_path.dsv'
[0.371s] INFO:colcon.colcon_core.shell:Creating environment hook '/home/konu/Documents/so-arm100-ros2/install/so_100_arm/share/so_100_arm/hook/cmake_prefix_path.sh'
[0.372s] Level 1:colcon.colcon_core.environment:checking '/home/konu/Documents/so-arm100-ros2/install/so_100_arm/bin'
[0.372s] Level 1:colcon.colcon_core.environment:checking '/home/konu/Documents/so-arm100-ros2/install/so_100_arm/lib/pkgconfig/so_100_arm.pc'
[0.372s] Level 1:colcon.colcon_core.environment:checking '/home/konu/Documents/so-arm100-ros2/install/so_100_arm/lib/python3.10/site-packages'
[0.372s] Level 1:colcon.colcon_core.environment:checking '/home/konu/Documents/so-arm100-ros2/install/so_100_arm/bin'
[0.372s] INFO:colcon.colcon_core.shell:Creating package script '/home/konu/Documents/so-arm100-ros2/install/so_100_arm/share/so_100_arm/package.ps1'
[0.373s] INFO:colcon.colcon_core.shell:Creating package descriptor '/home/konu/Documents/so-arm100-ros2/install/so_100_arm/share/so_100_arm/package.dsv'
[0.373s] INFO:colcon.colcon_core.shell:Creating package script '/home/konu/Documents/so-arm100-ros2/install/so_100_arm/share/so_100_arm/package.sh'
[0.373s] INFO:colcon.colcon_core.shell:Creating package script '/home/konu/Documents/so-arm100-ros2/install/so_100_arm/share/so_100_arm/package.bash'
[0.374s] INFO:colcon.colcon_core.shell:Creating package script '/home/konu/Documents/so-arm100-ros2/install/so_100_arm/share/so_100_arm/package.zsh'
[0.374s] Level 1:colcon.colcon_core.environment:create_file_with_runtime_dependencies(/home/konu/Documents/so-arm100-ros2/install/so_100_arm/share/colcon-core/packages/so_100_arm)
[0.375s] Level 1:colcon.colcon_core.environment:create_environment_scripts_only(so_100_arm)
[0.375s] Level 1:colcon.colcon_core.environment:checking '/home/konu/Documents/so-arm100-ros2/install/so_100_arm' for CMake module files
[0.375s] Level 1:colcon.colcon_core.environment:checking '/home/konu/Documents/so-arm100-ros2/install/so_100_arm' for CMake config files
[0.375s] Level 1:colcon.colcon_core.shell:create_environment_hook('so_100_arm', 'cmake_prefix_path')
[0.375s] INFO:colcon.colcon_core.shell:Creating environment hook '/home/konu/Documents/so-arm100-ros2/install/so_100_arm/share/so_100_arm/hook/cmake_prefix_path.ps1'
[0.376s] INFO:colcon.colcon_core.shell:Creating environment descriptor '/home/konu/Documents/so-arm100-ros2/install/so_100_arm/share/so_100_arm/hook/cmake_prefix_path.dsv'
[0.376s] INFO:colcon.colcon_core.shell:Creating environment hook '/home/konu/Documents/so-arm100-ros2/install/so_100_arm/share/so_100_arm/hook/cmake_prefix_path.sh'
[0.376s] Level 1:colcon.colcon_core.environment:checking '/home/konu/Documents/so-arm100-ros2/install/so_100_arm/bin'
[0.376s] Level 1:colcon.colcon_core.environment:checking '/home/konu/Documents/so-arm100-ros2/install/so_100_arm/lib/pkgconfig/so_100_arm.pc'
[0.376s] Level 1:colcon.colcon_core.environment:checking '/home/konu/Documents/so-arm100-ros2/install/so_100_arm/lib/python3.10/site-packages'
[0.376s] Level 1:colcon.colcon_core.environment:checking '/home/konu/Documents/so-arm100-ros2/install/so_100_arm/bin'
[0.377s] INFO:colcon.colcon_core.shell:Creating package script '/home/konu/Documents/so-arm100-ros2/install/so_100_arm/share/so_100_arm/package.ps1'
[0.377s] INFO:colcon.colcon_core.shell:Creating package descriptor '/home/konu/Documents/so-arm100-ros2/install/so_100_arm/share/so_100_arm/package.dsv'
[0.377s] INFO:colcon.colcon_core.shell:Creating package script '/home/konu/Documents/so-arm100-ros2/install/so_100_arm/share/so_100_arm/package.sh'
[0.378s] INFO:colcon.colcon_core.shell:Creating package script '/home/konu/Documents/so-arm100-ros2/install/so_100_arm/share/so_100_arm/package.bash'
[0.378s] INFO:colcon.colcon_core.shell:Creating package script '/home/konu/Documents/so-arm100-ros2/install/so_100_arm/share/so_100_arm/package.zsh'
[0.378s] Level 1:colcon.colcon_core.environment:create_file_with_runtime_dependencies(/home/konu/Documents/so-arm100-ros2/install/so_100_arm/share/colcon-core/packages/so_100_arm)
[1.535s] DEBUG:colcon.colcon_core.event_handler.log_command:Invoked command in '/home/konu/Documents/so-arm100-ros2/build/so_arm_100_hardware' returned '0': CMAKE_PREFIX_PATH=${CMAKE_PREFIX_PATH}:/opt/ros/humble /usr/bin/cmake /home/konu/Documents/so-arm100-ros2/src/so_arm_100_hardware -DCMAKE_INSTALL_PREFIX=/home/konu/Documents/so-arm100-ros2/install/so_arm_100_hardware
[1.536s] DEBUG:colcon.colcon_core.event_handler.log_command:Invoking command in '/home/konu/Documents/so-arm100-ros2/build/so_arm_100_hardware': CMAKE_PREFIX_PATH=${CMAKE_PREFIX_PATH}:/opt/ros/humble /usr/bin/cmake --build /home/konu/Documents/so-arm100-ros2/build/so_arm_100_hardware -- -j16 -l16
[8.827s] DEBUG:colcon.colcon_core.event_handler.log_command:Invoked command in '/home/konu/Documents/so-arm100-ros2/build/so_arm_100_hardware' returned '0': CMAKE_PREFIX_PATH=${CMAKE_PREFIX_PATH}:/opt/ros/humble /usr/bin/cmake --build /home/konu/Documents/so-arm100-ros2/build/so_arm_100_hardware -- -j16 -l16
[8.828s] DEBUG:colcon.colcon_core.event_handler.log_command:Invoking command in '/home/konu/Documents/so-arm100-ros2/build/so_arm_100_hardware': CMAKE_PREFIX_PATH=${CMAKE_PREFIX_PATH}:/opt/ros/humble /usr/bin/cmake --install /home/konu/Documents/so-arm100-ros2/build/so_arm_100_hardware
[8.848s] Level 1:colcon.colcon_core.environment:create_environment_scripts_only(so_arm_100_hardware)
[8.848s] Level 1:colcon.colcon_core.environment:checking '/home/konu/Documents/so-arm100-ros2/install/so_arm_100_hardware' for CMake module files
[8.848s] DEBUG:colcon.colcon_core.event_handler.log_command:Invoked command in '/home/konu/Documents/so-arm100-ros2/build/so_arm_100_hardware' returned '0': CMAKE_PREFIX_PATH=${CMAKE_PREFIX_PATH}:/opt/ros/humble /usr/bin/cmake --install /home/konu/Documents/so-arm100-ros2/build/so_arm_100_hardware
[8.848s] Level 1:colcon.colcon_core.environment:checking '/home/konu/Documents/so-arm100-ros2/install/so_arm_100_hardware' for CMake config files
[8.849s] Level 1:colcon.colcon_core.shell:create_environment_hook('so_arm_100_hardware', 'cmake_prefix_path')
[8.849s] INFO:colcon.colcon_core.shell:Creating environment hook '/home/konu/Documents/so-arm100-ros2/install/so_arm_100_hardware/share/so_arm_100_hardware/hook/cmake_prefix_path.ps1'
[8.849s] INFO:colcon.colcon_core.shell:Creating environment descriptor '/home/konu/Documents/so-arm100-ros2/install/so_arm_100_hardware/share/so_arm_100_hardware/hook/cmake_prefix_path.dsv'
[8.849s] INFO:colcon.colcon_core.shell:Creating environment hook '/home/konu/Documents/so-arm100-ros2/install/so_arm_100_hardware/share/so_arm_100_hardware/hook/cmake_prefix_path.sh'
[8.850s] Level 1:colcon.colcon_core.environment:checking '/home/konu/Documents/so-arm100-ros2/install/so_arm_100_hardware/lib'
[8.850s] Level 1:colcon.colcon_core.environment:checking '/home/konu/Documents/so-arm100-ros2/install/so_arm_100_hardware/bin'
[8.850s] Level 1:colcon.colcon_core.environment:checking '/home/konu/Documents/so-arm100-ros2/install/so_arm_100_hardware/lib/pkgconfig/so_arm_100_hardware.pc'
[8.850s] Level 1:colcon.colcon_core.environment:checking '/home/konu/Documents/so-arm100-ros2/install/so_arm_100_hardware/lib/python3.10/site-packages'
[8.850s] Level 1:colcon.colcon_core.environment:checking '/home/konu/Documents/so-arm100-ros2/install/so_arm_100_hardware/bin'
[8.851s] INFO:colcon.colcon_core.shell:Creating package script '/home/konu/Documents/so-arm100-ros2/install/so_arm_100_hardware/share/so_arm_100_hardware/package.ps1'
[8.851s] INFO:colcon.colcon_core.shell:Creating package descriptor '/home/konu/Documents/so-arm100-ros2/install/so_arm_100_hardware/share/so_arm_100_hardware/package.dsv'
[8.851s] INFO:colcon.colcon_core.shell:Creating package script '/home/konu/Documents/so-arm100-ros2/install/so_arm_100_hardware/share/so_arm_100_hardware/package.sh'
[8.852s] INFO:colcon.colcon_core.shell:Creating package script '/home/konu/Documents/so-arm100-ros2/install/so_arm_100_hardware/share/so_arm_100_hardware/package.bash'
[8.852s] INFO:colcon.colcon_core.shell:Creating package script '/home/konu/Documents/so-arm100-ros2/install/so_arm_100_hardware/share/so_arm_100_hardware/package.zsh'
[8.852s] Level 1:colcon.colcon_core.environment:create_file_with_runtime_dependencies(/home/konu/Documents/so-arm100-ros2/install/so_arm_100_hardware/share/colcon-core/packages/so_arm_100_hardware)
[8.852s] Level 1:colcon.colcon_core.environment:create_environment_scripts_only(so_arm_100_hardware)
[8.853s] Level 1:colcon.colcon_core.environment:checking '/home/konu/Documents/so-arm100-ros2/install/so_arm_100_hardware' for CMake module files
[8.853s] Level 1:colcon.colcon_core.environment:checking '/home/konu/Documents/so-arm100-ros2/install/so_arm_100_hardware' for CMake config files
[8.853s] Level 1:colcon.colcon_core.shell:create_environment_hook('so_arm_100_hardware', 'cmake_prefix_path')
[8.853s] INFO:colcon.colcon_core.shell:Creating environment hook '/home/konu/Documents/so-arm100-ros2/install/so_arm_100_hardware/share/so_arm_100_hardware/hook/cmake_prefix_path.ps1'
[8.853s] INFO:colcon.colcon_core.shell:Creating environment descriptor '/home/konu/Documents/so-arm100-ros2/install/so_arm_100_hardware/share/so_arm_100_hardware/hook/cmake_prefix_path.dsv'
[8.854s] INFO:colcon.colcon_core.shell:Creating environment hook '/home/konu/Documents/so-arm100-ros2/install/so_arm_100_hardware/share/so_arm_100_hardware/hook/cmake_prefix_path.sh'
[8.854s] Level 1:colcon.colcon_core.environment:checking '/home/konu/Documents/so-arm100-ros2/install/so_arm_100_hardware/lib'
[8.854s] Level 1:colcon.colcon_core.environment:checking '/home/konu/Documents/so-arm100-ros2/install/so_arm_100_hardware/bin'
[8.854s] Level 1:colcon.colcon_core.environment:checking '/home/konu/Documents/so-arm100-ros2/install/so_arm_100_hardware/lib/pkgconfig/so_arm_100_hardware.pc'
[8.854s] Level 1:colcon.colcon_core.environment:checking '/home/konu/Documents/so-arm100-ros2/install/so_arm_100_hardware/lib/python3.10/site-packages'
[8.854s] Level 1:colcon.colcon_core.environment:checking '/home/konu/Documents/so-arm100-ros2/install/so_arm_100_hardware/bin'
[8.854s] INFO:colcon.colcon_core.shell:Creating package script '/home/konu/Documents/so-arm100-ros2/install/so_arm_100_hardware/share/so_arm_100_hardware/package.ps1'
[8.855s] INFO:colcon.colcon_core.shell:Creating package descriptor '/home/konu/Documents/so-arm100-ros2/install/so_arm_100_hardware/share/so_arm_100_hardware/package.dsv'
[8.855s] INFO:colcon.colcon_core.shell:Creating package script '/home/konu/Documents/so-arm100-ros2/install/so_arm_100_hardware/share/so_arm_100_hardware/package.sh'
[8.855s] INFO:colcon.colcon_core.shell:Creating package script '/home/konu/Documents/so-arm100-ros2/install/so_arm_100_hardware/share/so_arm_100_hardware/package.bash'
[8.855s] INFO:colcon.colcon_core.shell:Creating package script '/home/konu/Documents/so-arm100-ros2/install/so_arm_100_hardware/share/so_arm_100_hardware/package.zsh'
[8.856s] Level 1:colcon.colcon_core.environment:create_file_with_runtime_dependencies(/home/konu/Documents/so-arm100-ros2/install/so_arm_100_hardware/share/colcon-core/packages/so_arm_100_hardware)
[8.856s] DEBUG:colcon.colcon_parallel_executor.executor.parallel:closing loop
[8.856s] DEBUG:colcon.colcon_parallel_executor.executor.parallel:loop closed
[8.856s] DEBUG:colcon.colcon_parallel_executor.executor.parallel:run_until_complete finished with '0'
[8.856s] DEBUG:colcon.colcon_core.event_reactor:joining thread
[8.862s] INFO:colcon.colcon_core.plugin_system:Skipping extension 'colcon_notification.desktop_notification.terminal_notifier': Not used on non-Darwin systems
[8.862s] INFO:colcon.colcon_core.plugin_system:Skipping extension 'colcon_notification.desktop_notification.win32': Not used on non-Windows systems
[8.862s] INFO:colcon.colcon_notification.desktop_notification:Sending desktop notification using 'notify2'
[8.870s] DEBUG:colcon.colcon_core.event_reactor:joined thread
[8.870s] INFO:colcon.colcon_core.shell:Creating prefix script '/home/konu/Documents/so-arm100-ros2/install/local_setup.ps1'
[8.871s] INFO:colcon.colcon_core.shell:Creating prefix util module '/home/konu/Documents/so-arm100-ros2/install/_local_setup_util_ps1.py'
[8.872s] INFO:colcon.colcon_core.shell:Creating prefix chain script '/home/konu/Documents/so-arm100-ros2/install/setup.ps1'
[8.873s] INFO:colcon.colcon_core.shell:Creating prefix script '/home/konu/Documents/so-arm100-ros2/install/local_setup.sh'
[8.873s] INFO:colcon.colcon_core.shell:Creating prefix util module '/home/konu/Documents/so-arm100-ros2/install/_local_setup_util_sh.py'
[8.874s] INFO:colcon.colcon_core.shell:Creating prefix chain script '/home/konu/Documents/so-arm100-ros2/install/setup.sh'
[8.874s] INFO:colcon.colcon_core.shell:Creating prefix script '/home/konu/Documents/so-arm100-ros2/install/local_setup.bash'
[8.875s] INFO:colcon.colcon_core.shell:Creating prefix chain script '/home/konu/Documents/so-arm100-ros2/install/setup.bash'
[8.875s] INFO:colcon.colcon_core.shell:Creating prefix script '/home/konu/Documents/so-arm100-ros2/install/local_setup.zsh'
[8.875s] INFO:colcon.colcon_core.shell:Creating prefix chain script '/home/konu/Documents/so-arm100-ros2/install/setup.zsh'
