running egg_info
writing ../../build/isaaclab_to_ros2/isaaclab_to_ros2.egg-info/PKG-INFO
writing dependency_links to ../../build/isaaclab_to_ros2/isaaclab_to_ros2.egg-info/dependency_links.txt
writing entry points to ../../build/isaaclab_to_ros2/isaaclab_to_ros2.egg-info/entry_points.txt
writing requirements to ../../build/isaaclab_to_ros2/isaaclab_to_ros2.egg-info/requires.txt
writing top-level names to ../../build/isaaclab_to_ros2/isaaclab_to_ros2.egg-info/top_level.txt
reading manifest file '../../build/isaaclab_to_ros2/isaaclab_to_ros2.egg-info/SOURCES.txt'
writing manifest file '../../build/isaaclab_to_ros2/isaaclab_to_ros2.egg-info/SOURCES.txt'
running build
running build_py
copying isaaclab_to_ros2/sim_to_real_evaluator.py -> /home/konu/Documents/isaaclab_to_ros2/ros2_convertor_ws/build/isaaclab_to_ros2/build/lib/isaaclab_to_ros2
running install
running install_lib
copying /home/konu/Documents/isaaclab_to_ros2/ros2_convertor_ws/build/isaaclab_to_ros2/build/lib/isaaclab_to_ros2/sim_to_real_evaluator.py -> /home/konu/Documents/isaaclab_to_ros2/ros2_convertor_ws/install/isaaclab_to_ros2/lib/python3.12/site-packages/isaaclab_to_ros2
byte-compiling /home/konu/Documents/isaaclab_to_ros2/ros2_convertor_ws/install/isaaclab_to_ros2/lib/python3.12/site-packages/isaaclab_to_ros2/sim_to_real_evaluator.py to sim_to_real_evaluator.cpython-312.pyc
Sorry: IndentationError: expected an indented block after 'if' statement on line 90 (sim_to_real_evaluator.py, line 93)
running install_data
creating /home/konu/Documents/isaaclab_to_ros2/ros2_convertor_ws/install/isaaclab_to_ros2/share/isaaclab_to_ros2/launch
running install_egg_info
Copying ../../build/isaaclab_to_ros2/isaaclab_to_ros2.egg-info to /home/konu/Documents/isaaclab_to_ros2/ros2_convertor_ws/install/isaaclab_to_ros2/lib/python3.12/site-packages/isaaclab_to_ros2-0.1.0-py3.12.egg-info
running install_scripts
Installing evaluator_node script to /home/konu/Documents/isaaclab_to_ros2/ros2_convertor_ws/install/isaaclab_to_ros2/lib/isaaclab_to_ros2
writing list of installed files to '/home/konu/Documents/isaaclab_to_ros2/ros2_convertor_ws/build/isaaclab_to_ros2/install.log'
