[0.522s] Invoking command in '/home/konu/Documents/isaaclab_to_ros2/ros2_convertor_ws/src/isaaclab_to_ros2': PYTHONPATH=/home/konu/Documents/isaaclab_to_ros2/ros2_convertor_ws/build/isaaclab_to_ros2/prefix_override:/usr/lib/python3/dist-packages/colcon_core/task/python/colcon_distutils_commands:/home/konu/Documents/isaaclab_to_ros2/ros2_convertor_ws/install/isaaclab_to_ros2/lib/python3.12/site-packages:${PYTHONPATH} /usr/bin/python3 -W ignore:setup.py install is deprecated -W ignore:easy_install command is deprecated setup.py egg_info --egg-base ../../build/isaaclab_to_ros2 build --build-base /home/konu/Documents/isaaclab_to_ros2/ros2_convertor_ws/build/isaaclab_to_ros2/build install --record /home/konu/Documents/isaaclab_to_ros2/ros2_convertor_ws/build/isaaclab_to_ros2/install.log --single-version-externally-managed install_data
[0.702s] running egg_info
[0.714s] writing ../../build/isaaclab_to_ros2/isaaclab_to_ros2.egg-info/PKG-INFO
[0.715s] writing dependency_links to ../../build/isaaclab_to_ros2/isaaclab_to_ros2.egg-info/dependency_links.txt
[0.715s] writing entry points to ../../build/isaaclab_to_ros2/isaaclab_to_ros2.egg-info/entry_points.txt
[0.715s] writing requirements to ../../build/isaaclab_to_ros2/isaaclab_to_ros2.egg-info/requires.txt
[0.715s] writing top-level names to ../../build/isaaclab_to_ros2/isaaclab_to_ros2.egg-info/top_level.txt
[0.740s] reading manifest file '../../build/isaaclab_to_ros2/isaaclab_to_ros2.egg-info/SOURCES.txt'
[0.741s] writing manifest file '../../build/isaaclab_to_ros2/isaaclab_to_ros2.egg-info/SOURCES.txt'
[0.741s] running build
[0.741s] running build_py
[0.741s] copying isaaclab_to_ros2/sim_to_real_evaluator.py -> /home/konu/Documents/isaaclab_to_ros2/ros2_convertor_ws/build/isaaclab_to_ros2/build/lib/isaaclab_to_ros2
[0.741s] running install
[0.745s] running install_lib
[0.758s] copying /home/konu/Documents/isaaclab_to_ros2/ros2_convertor_ws/build/isaaclab_to_ros2/build/lib/isaaclab_to_ros2/sim_to_real_evaluator.py -> /home/konu/Documents/isaaclab_to_ros2/ros2_convertor_ws/install/isaaclab_to_ros2/lib/python3.12/site-packages/isaaclab_to_ros2
[0.758s] byte-compiling /home/konu/Documents/isaaclab_to_ros2/ros2_convertor_ws/install/isaaclab_to_ros2/lib/python3.12/site-packages/isaaclab_to_ros2/sim_to_real_evaluator.py to sim_to_real_evaluator.cpython-312.pyc
[0.759s] Sorry: IndentationError: expected an indented block after 'if' statement on line 90 (sim_to_real_evaluator.py, line 93)
[0.759s] running install_data
[0.759s] creating /home/konu/Documents/isaaclab_to_ros2/ros2_convertor_ws/install/isaaclab_to_ros2/share/isaaclab_to_ros2/launch
[0.759s] running install_egg_info
[0.772s] Copying ../../build/isaaclab_to_ros2/isaaclab_to_ros2.egg-info to /home/konu/Documents/isaaclab_to_ros2/ros2_convertor_ws/install/isaaclab_to_ros2/lib/python3.12/site-packages/isaaclab_to_ros2-0.1.0-py3.12.egg-info
[0.773s] running install_scripts
[0.867s] Installing evaluator_node script to /home/konu/Documents/isaaclab_to_ros2/ros2_convertor_ws/install/isaaclab_to_ros2/lib/isaaclab_to_ros2
[0.867s] writing list of installed files to '/home/konu/Documents/isaaclab_to_ros2/ros2_convertor_ws/build/isaaclab_to_ros2/install.log'
[0.885s] Invoked command in '/home/konu/Documents/isaaclab_to_ros2/ros2_convertor_ws/src/isaaclab_to_ros2' returned '0': PYTHONPATH=/home/konu/Documents/isaaclab_to_ros2/ros2_convertor_ws/build/isaaclab_to_ros2/prefix_override:/usr/lib/python3/dist-packages/colcon_core/task/python/colcon_distutils_commands:/home/konu/Documents/isaaclab_to_ros2/ros2_convertor_ws/install/isaaclab_to_ros2/lib/python3.12/site-packages:${PYTHONPATH} /usr/bin/python3 -W ignore:setup.py install is deprecated -W ignore:easy_install command is deprecated setup.py egg_info --egg-base ../../build/isaaclab_to_ros2 build --build-base /home/konu/Documents/isaaclab_to_ros2/ros2_convertor_ws/build/isaaclab_to_ros2/build install --record /home/konu/Documents/isaaclab_to_ros2/ros2_convertor_ws/build/isaaclab_to_ros2/install.log --single-version-externally-managed install_data
