[0.516s] Invoking command in '/home/konu/Documents/isaaclab_to_ros2/ros2_convertor_ws/src/isaaclab_to_ros2': PYTHONPATH=/home/konu/Documents/isaaclab_to_ros2/ros2_convertor_ws/build/isaaclab_to_ros2/prefix_override:/usr/lib/python3/dist-packages/colcon_core/task/python/colcon_distutils_commands:/home/konu/Documents/isaaclab_to_ros2/ros2_convertor_ws/install/isaaclab_to_ros2/lib/python3.12/site-packages:${PYTHONPATH} /usr/bin/python3 -W ignore:setup.py install is deprecated -W ignore:easy_install command is deprecated setup.py egg_info --egg-base ../../build/isaaclab_to_ros2 build --build-base /home/konu/Documents/isaaclab_to_ros2/ros2_convertor_ws/build/isaaclab_to_ros2/build install --record /home/konu/Documents/isaaclab_to_ros2/ros2_convertor_ws/build/isaaclab_to_ros2/install.log --single-version-externally-managed install_data
[0.692s] running egg_info
[0.692s] creating ../../build/isaaclab_to_ros2/isaaclab_to_ros2.egg-info
[0.704s] writing ../../build/isaaclab_to_ros2/isaaclab_to_ros2.egg-info/PKG-INFO
[0.705s] writing dependency_links to ../../build/isaaclab_to_ros2/isaaclab_to_ros2.egg-info/dependency_links.txt
[0.705s] writing requirements to ../../build/isaaclab_to_ros2/isaaclab_to_ros2.egg-info/requires.txt
[0.705s] writing top-level names to ../../build/isaaclab_to_ros2/isaaclab_to_ros2.egg-info/top_level.txt
[0.705s] writing manifest file '../../build/isaaclab_to_ros2/isaaclab_to_ros2.egg-info/SOURCES.txt'
[0.730s] reading manifest file '../../build/isaaclab_to_ros2/isaaclab_to_ros2.egg-info/SOURCES.txt'
[0.730s] writing manifest file '../../build/isaaclab_to_ros2/isaaclab_to_ros2.egg-info/SOURCES.txt'
[0.730s] running build
[0.730s] running build_py
[0.730s] creating /home/konu/Documents/isaaclab_to_ros2/ros2_convertor_ws/build/isaaclab_to_ros2/build
[0.730s] creating /home/konu/Documents/isaaclab_to_ros2/ros2_convertor_ws/build/isaaclab_to_ros2/build/lib
[0.731s] creating /home/konu/Documents/isaaclab_to_ros2/ros2_convertor_ws/build/isaaclab_to_ros2/build/lib/isaaclab_to_ros2
[0.731s] copying isaaclab_to_ros2/__init__.py -> /home/konu/Documents/isaaclab_to_ros2/ros2_convertor_ws/build/isaaclab_to_ros2/build/lib/isaaclab_to_ros2
[0.731s] running install
[0.735s] running install_lib
[0.747s] creating /home/konu/Documents/isaaclab_to_ros2/ros2_convertor_ws/install/isaaclab_to_ros2/lib/python3.12/site-packages/isaaclab_to_ros2
[0.747s] copying /home/konu/Documents/isaaclab_to_ros2/ros2_convertor_ws/build/isaaclab_to_ros2/build/lib/isaaclab_to_ros2/__init__.py -> /home/konu/Documents/isaaclab_to_ros2/ros2_convertor_ws/install/isaaclab_to_ros2/lib/python3.12/site-packages/isaaclab_to_ros2
[0.747s] byte-compiling /home/konu/Documents/isaaclab_to_ros2/ros2_convertor_ws/install/isaaclab_to_ros2/lib/python3.12/site-packages/isaaclab_to_ros2/__init__.py to __init__.cpython-312.pyc
[0.748s] running install_data
[0.748s] creating /home/konu/Documents/isaaclab_to_ros2/ros2_convertor_ws/install/isaaclab_to_ros2/share/ament_index
[0.748s] creating /home/konu/Documents/isaaclab_to_ros2/ros2_convertor_ws/install/isaaclab_to_ros2/share/ament_index/resource_index
[0.748s] creating /home/konu/Documents/isaaclab_to_ros2/ros2_convertor_ws/install/isaaclab_to_ros2/share/ament_index/resource_index/packages
[0.748s] copying resource/isaaclab_to_ros2 -> /home/konu/Documents/isaaclab_to_ros2/ros2_convertor_ws/install/isaaclab_to_ros2/share/ament_index/resource_index/packages
[0.748s] copying package.xml -> /home/konu/Documents/isaaclab_to_ros2/ros2_convertor_ws/install/isaaclab_to_ros2/share/isaaclab_to_ros2
[0.748s] running install_egg_info
[0.761s] Copying ../../build/isaaclab_to_ros2/isaaclab_to_ros2.egg-info to /home/konu/Documents/isaaclab_to_ros2/ros2_convertor_ws/install/isaaclab_to_ros2/lib/python3.12/site-packages/isaaclab_to_ros2-0.0.0-py3.12.egg-info
[0.762s] running install_scripts
[0.853s] writing list of installed files to '/home/konu/Documents/isaaclab_to_ros2/ros2_convertor_ws/build/isaaclab_to_ros2/install.log'
[0.871s] Invoked command in '/home/konu/Documents/isaaclab_to_ros2/ros2_convertor_ws/src/isaaclab_to_ros2' returned '0': PYTHONPATH=/home/konu/Documents/isaaclab_to_ros2/ros2_convertor_ws/build/isaaclab_to_ros2/prefix_override:/usr/lib/python3/dist-packages/colcon_core/task/python/colcon_distutils_commands:/home/konu/Documents/isaaclab_to_ros2/ros2_convertor_ws/install/isaaclab_to_ros2/lib/python3.12/site-packages:${PYTHONPATH} /usr/bin/python3 -W ignore:setup.py install is deprecated -W ignore:easy_install command is deprecated setup.py egg_info --egg-base ../../build/isaaclab_to_ros2 build --build-base /home/konu/Documents/isaaclab_to_ros2/ros2_convertor_ws/build/isaaclab_to_ros2/build install --record /home/konu/Documents/isaaclab_to_ros2/ros2_convertor_ws/build/isaaclab_to_ros2/install.log --single-version-externally-managed install_data
