[ 53%] Built target SCServo
[35m[1mConsolidate compiler generated dependencies of target ping_test[0m
[35m[1mConsolidate compiler generated dependencies of target test_servo[0m
[35m[1mConsolidate compiler generated dependencies of target so_arm_100_hardware[0m
[ 61%] [32mBuilding CXX object CMakeFiles/ping_test.dir/test/ping_test.cpp.o[0m
[ 69%] [32mBuilding CXX object CMakeFiles/test_servo.dir/test/test_servo.cpp.o[0m
[ 76%] [32mBuilding CXX object CMakeFiles/so_arm_100_hardware.dir/src/so_arm_100_interface.cpp.o[0m
[ 84%] [32m[1mLinking CXX executable test_servo[0m
[ 92%] [32m[1mLinking CXX executable ping_test[0m
[ 92%] Built target test_servo
[ 92%] Built target ping_test
[100%] [32m[1mLinking CXX shared library libso_arm_100_hardware.so[0m
[100%] Built target so_arm_100_hardware
-- Install configuration: ""
-- Up-to-date: /home/konu/Documents/so-arm100-ros2/install/so_arm_100_hardware/share/so_arm_100_hardware/so_arm_100_hardware.xml
-- Up-to-date: /home/konu/Documents/so-arm100-ros2/install/so_arm_100_hardware/share/so_arm_100_hardware/environment/library_path.sh
-- Up-to-date: /home/konu/Documents/so-arm100-ros2/install/so_arm_100_hardware/share/so_arm_100_hardware/environment/library_path.dsv
-- Up-to-date: /home/konu/Documents/so-arm100-ros2/install/so_arm_100_hardware/share/so_arm_100_hardware/config
-- Up-to-date: /home/konu/Documents/so-arm100-ros2/install/so_arm_100_hardware/share/so_arm_100_hardware/config/hardware_config.yaml
-- Up-to-date: /home/konu/Documents/so-arm100-ros2/install/so_arm_100_hardware/share/so_arm_100_hardware/config/posses
-- Up-to-date: /home/konu/Documents/so-arm100-ros2/install/so_arm_100_hardware/share/so_arm_100_hardware/config/posses/zero.txt
-- Up-to-date: /home/konu/Documents/so-arm100-ros2/install/so_arm_100_hardware/share/so_arm_100_hardware/config/calibration.yaml
-- Up-to-date: /home/konu/Documents/so-arm100-ros2/install/so_arm_100_hardware/share/so_arm_100_hardware/include
-- Up-to-date: /home/konu/Documents/so-arm100-ros2/install/so_arm_100_hardware/share/so_arm_100_hardware/include/so_arm_100_hardware
-- Up-to-date: /home/konu/Documents/so-arm100-ros2/install/so_arm_100_hardware/share/so_arm_100_hardware/include/so_arm_100_hardware/so_arm_100_interface.hpp
-- Up-to-date: /home/konu/Documents/so-arm100-ros2/install/so_arm_100_hardware/share/so_arm_100_hardware/include/SCServo_Linux
-- Up-to-date: /home/konu/Documents/so-arm100-ros2/install/so_arm_100_hardware/share/so_arm_100_hardware/include/SCServo_Linux/SMS_STS.h
-- Up-to-date: /home/konu/Documents/so-arm100-ros2/install/so_arm_100_hardware/share/so_arm_100_hardware/include/SCServo_Linux/SMSCL.cpp
-- Up-to-date: /home/konu/Documents/so-arm100-ros2/install/so_arm_100_hardware/share/so_arm_100_hardware/include/SCServo_Linux/CMakeLists.txt
-- Up-to-date: /home/konu/Documents/so-arm100-ros2/install/so_arm_100_hardware/share/so_arm_100_hardware/include/SCServo_Linux/SMSBL.h
-- Up-to-date: /home/konu/Documents/so-arm100-ros2/install/so_arm_100_hardware/share/so_arm_100_hardware/include/SCServo_Linux/SCS.h
-- Up-to-date: /home/konu/Documents/so-arm100-ros2/install/so_arm_100_hardware/share/so_arm_100_hardware/include/SCServo_Linux/SMSBL.cpp
-- Up-to-date: /home/konu/Documents/so-arm100-ros2/install/so_arm_100_hardware/share/so_arm_100_hardware/include/SCServo_Linux/SCSCL.h
-- Up-to-date: /home/konu/Documents/so-arm100-ros2/install/so_arm_100_hardware/share/so_arm_100_hardware/include/SCServo_Linux/SCSerial.h
-- Up-to-date: /home/konu/Documents/so-arm100-ros2/install/so_arm_100_hardware/share/so_arm_100_hardware/include/SCServo_Linux/SCS.cpp
-- Up-to-date: /home/konu/Documents/so-arm100-ros2/install/so_arm_100_hardware/share/so_arm_100_hardware/include/SCServo_Linux/SCSCL.cpp
-- Up-to-date: /home/konu/Documents/so-arm100-ros2/install/so_arm_100_hardware/share/so_arm_100_hardware/include/SCServo_Linux/SMS_STS.cpp
-- Up-to-date: /home/konu/Documents/so-arm100-ros2/install/so_arm_100_hardware/share/so_arm_100_hardware/include/SCServo_Linux/SCSerial.cpp
-- Up-to-date: /home/konu/Documents/so-arm100-ros2/install/so_arm_100_hardware/share/so_arm_100_hardware/include/SCServo_Linux/INST.h
-- Up-to-date: /home/konu/Documents/so-arm100-ros2/install/so_arm_100_hardware/share/so_arm_100_hardware/include/SCServo_Linux/.gitignore
-- Up-to-date: /home/konu/Documents/so-arm100-ros2/install/so_arm_100_hardware/share/so_arm_100_hardware/include/SCServo_Linux/SCServo.h
-- Up-to-date: /home/konu/Documents/so-arm100-ros2/install/so_arm_100_hardware/share/so_arm_100_hardware/include/SCServo_Linux/SMSCL.h
-- Up-to-date: /home/konu/Documents/so-arm100-ros2/install/so_arm_100_hardware/share/so_arm_100_hardware/posses
-- Up-to-date: /home/konu/Documents/so-arm100-ros2/install/so_arm_100_hardware/share/so_arm_100_hardware/posses/zero.txt
-- Installing: /home/konu/Documents/so-arm100-ros2/install/so_arm_100_hardware/lib/so_arm_100_hardware/libso_arm_100_hardware.so
-- Set runtime path of "/home/konu/Documents/so-arm100-ros2/install/so_arm_100_hardware/lib/so_arm_100_hardware/libso_arm_100_hardware.so" to ""
-- Installing: /home/konu/Documents/so-arm100-ros2/install/so_arm_100_hardware/lib/so_arm_100_hardware/test_servo
-- Installing: /home/konu/Documents/so-arm100-ros2/install/so_arm_100_hardware/lib/so_arm_100_hardware/ping_test
-- Up-to-date: /home/konu/Documents/so-arm100-ros2/install/so_arm_100_hardware/lib/so_arm_100_hardware/calibrate_arm.py
-- Up-to-date: /home/konu/Documents/so-arm100-ros2/install/so_arm_100_hardware/lib/so_arm_100_hardware/zero_pose.py
-- Up-to-date: /home/konu/Documents/so-arm100-ros2/install/so_arm_100_hardware/lib/so_arm_100_hardware/jog_joints.py
-- Up-to-date: /home/konu/Documents/so-arm100-ros2/install/so_arm_100_hardware/share/ament_index/resource_index/package_run_dependencies/so_arm_100_hardware
-- Up-to-date: /home/konu/Documents/so-arm100-ros2/install/so_arm_100_hardware/share/ament_index/resource_index/parent_prefix_path/so_arm_100_hardware
-- Up-to-date: /home/konu/Documents/so-arm100-ros2/install/so_arm_100_hardware/share/so_arm_100_hardware/environment/ament_prefix_path.sh
-- Up-to-date: /home/konu/Documents/so-arm100-ros2/install/so_arm_100_hardware/share/so_arm_100_hardware/environment/ament_prefix_path.dsv
-- Up-to-date: /home/konu/Documents/so-arm100-ros2/install/so_arm_100_hardware/share/so_arm_100_hardware/environment/path.sh
-- Up-to-date: /home/konu/Documents/so-arm100-ros2/install/so_arm_100_hardware/share/so_arm_100_hardware/environment/path.dsv
-- Up-to-date: /home/konu/Documents/so-arm100-ros2/install/so_arm_100_hardware/share/so_arm_100_hardware/local_setup.bash
-- Up-to-date: /home/konu/Documents/so-arm100-ros2/install/so_arm_100_hardware/share/so_arm_100_hardware/local_setup.sh
-- Up-to-date: /home/konu/Documents/so-arm100-ros2/install/so_arm_100_hardware/share/so_arm_100_hardware/local_setup.zsh
-- Up-to-date: /home/konu/Documents/so-arm100-ros2/install/so_arm_100_hardware/share/so_arm_100_hardware/local_setup.dsv
-- Installing: /home/konu/Documents/so-arm100-ros2/install/so_arm_100_hardware/share/so_arm_100_hardware/package.dsv
-- Up-to-date: /home/konu/Documents/so-arm100-ros2/install/so_arm_100_hardware/share/ament_index/resource_index/packages/so_arm_100_hardware
-- Up-to-date: /home/konu/Documents/so-arm100-ros2/install/so_arm_100_hardware/share/ament_index/resource_index/hardware_interface__pluginlib__plugin/so_arm_100_hardware
-- Up-to-date: /home/konu/Documents/so-arm100-ros2/install/so_arm_100_hardware/share/so_arm_100_hardware/cmake/ament_cmake_export_include_directories-extras.cmake
-- Up-to-date: /home/konu/Documents/so-arm100-ros2/install/so_arm_100_hardware/share/so_arm_100_hardware/cmake/ament_cmake_export_libraries-extras.cmake
-- Up-to-date: /home/konu/Documents/so-arm100-ros2/install/so_arm_100_hardware/share/so_arm_100_hardware/cmake/ament_cmake_export_dependencies-extras.cmake
-- Up-to-date: /home/konu/Documents/so-arm100-ros2/install/so_arm_100_hardware/share/so_arm_100_hardware/cmake/so_arm_100_hardwareConfig.cmake
-- Up-to-date: /home/konu/Documents/so-arm100-ros2/install/so_arm_100_hardware/share/so_arm_100_hardware/cmake/so_arm_100_hardwareConfig-version.cmake
-- Up-to-date: /home/konu/Documents/so-arm100-ros2/install/so_arm_100_hardware/share/so_arm_100_hardware/package.xml
